{"D:\\reactrps\\vite-project\\app\\types\\game-types.ts": {"path":"D:\\reactrps\\vite-project\\app\\types\\game-types.ts","statementMap":{},"fnMap":{},"branchMap":{},"s":{},"f":{},"b":{},"meta":{"lastBranch":0,"lastFunction":0,"lastStatement":0,"seen":{},"fnNames":{}}}
,"D:\\reactrps\\vite-project\\app\\utils\\frontend-boilerplate\\auth-utils.ts": {"path":"D:\\reactrps\\vite-project\\app\\utils\\frontend-boilerplate\\auth-utils.ts","statementMap":{"0":{"start":{"line":4,"column":13},"end":{"line":35,"column":null}},"1":{"start":{"line":12,"column":4},"end":{"line":12,"column":null}},"2":{"start":{"line":13,"column":2},"end":{"line":20,"column":null}},"3":{"start":{"line":14,"column":4},"end":{"line":14,"column":null}},"4":{"start":{"line":15,"column":9},"end":{"line":20,"column":null}},"5":{"start":{"line":19,"column":4},"end":{"line":19,"column":null}},"6":{"start":{"line":21,"column":2},"end":{"line":23,"column":null}},"7":{"start":{"line":22,"column":4},"end":{"line":22,"column":null}},"8":{"start":{"line":24,"column":2},"end":{"line":26,"column":null}},"9":{"start":{"line":25,"column":4},"end":{"line":25,"column":null}},"10":{"start":{"line":27,"column":2},"end":{"line":33,"column":null}},"11":{"start":{"line":28,"column":4},"end":{"line":28,"column":null}},"12":{"start":{"line":29,"column":9},"end":{"line":33,"column":null}},"13":{"start":{"line":30,"column":4},"end":{"line":32,"column":null}},"14":{"start":{"line":34,"column":2},"end":{"line":34,"column":null}},"15":{"start":{"line":38,"column":13},"end":{"line":64,"column":null}},"16":{"start":{"line":42,"column":56},"end":{"line":42,"column":null}},"17":{"start":{"line":43,"column":2},"end":{"line":50,"column":null}},"18":{"start":{"line":44,"column":4},"end":{"line":44,"column":null}},"19":{"start":{"line":45,"column":9},"end":{"line":50,"column":null}},"20":{"start":{"line":49,"column":4},"end":{"line":49,"column":null}},"21":{"start":{"line":51,"column":2},"end":{"line":62,"column":null}},"22":{"start":{"line":52,"column":4},"end":{"line":52,"column":null}},"23":{"start":{"line":53,"column":9},"end":{"line":62,"column":null}},"24":{"start":{"line":57,"column":4},"end":{"line":61,"column":null}},"25":{"start":{"line":63,"column":2},"end":{"line":63,"column":null}},"26":{"start":{"line":67,"column":13},"end":{"line":73,"column":null}},"27":{"start":{"line":68,"column":24},"end":{"line":68,"column":null}},"28":{"start":{"line":69,"column":2},"end":{"line":71,"column":null}},"29":{"start":{"line":70,"column":4},"end":{"line":70,"column":null}},"30":{"start":{"line":72,"column":2},"end":{"line":72,"column":null}},"31":{"start":{"line":76,"column":29},"end":{"line":104,"column":null}},"32":{"start":{"line":77,"column":24},"end":{"line":77,"column":null}},"33":{"start":{"line":79,"column":4},"end":{"line":79,"column":null}},"34":{"start":{"line":80,"column":14},"end":{"line":86,"column":null}},"35":{"start":{"line":87,"column":2},"end":{"line":93,"column":null}},"36":{"start":{"line":92,"column":4},"end":{"line":92,"column":null}},"37":{"start":{"line":94,"column":24},"end":{"line":94,"column":null}},"38":{"start":{"line":103,"column":2},"end":{"line":103,"column":null}},"39":{"start":{"line":107,"column":13},"end":{"line":125,"column":null}},"40":{"start":{"line":111,"column":56},"end":{"line":111,"column":null}},"41":{"start":{"line":112,"column":2},"end":{"line":120,"column":null}},"42":{"start":{"line":113,"column":4},"end":{"line":113,"column":null}},"43":{"start":{"line":114,"column":9},"end":{"line":120,"column":null}},"44":{"start":{"line":115,"column":4},"end":{"line":119,"column":null}},"45":{"start":{"line":121,"column":2},"end":{"line":123,"column":null}},"46":{"start":{"line":122,"column":4},"end":{"line":122,"column":null}},"47":{"start":{"line":124,"column":2},"end":{"line":124,"column":null}}},"fnMap":{"0":{"name":"(anonymous_0)","decl":{"start":{"line":4,"column":13},"end":{"line":4,"column":null}},"loc":{"start":{"line":10,"column":5},"end":{"line":35,"column":null}},"line":10},"1":{"name":"(anonymous_1)","decl":{"start":{"line":38,"column":13},"end":{"line":38,"column":null}},"loc":{"start":{"line":41,"column":5},"end":{"line":64,"column":null}},"line":41},"2":{"name":"(anonymous_2)","decl":{"start":{"line":67,"column":13},"end":{"line":67,"column":40}},"loc":{"start":{"line":67,"column":61},"end":{"line":73,"column":null}},"line":67},"3":{"name":"(anonymous_3)","decl":{"start":{"line":76,"column":29},"end":{"line":76,"column":36}},"loc":{"start":{"line":76,"column":57},"end":{"line":104,"column":null}},"line":76},"4":{"name":"(anonymous_4)","decl":{"start":{"line":107,"column":13},"end":{"line":107,"column":null}},"loc":{"start":{"line":110,"column":5},"end":{"line":125,"column":null}},"line":110}},"branchMap":{"0":{"loc":{"start":{"line":12,"column":4},"end":{"line":12,"column":null}},"type":"binary-expr","locations":[{"start":{"line":12,"column":4},"end":{"line":12,"column":56}},{"start":{"line":12,"column":56},"end":{"line":12,"column":null}}],"line":12},"1":{"loc":{"start":{"line":13,"column":2},"end":{"line":20,"column":null}},"type":"if","locations":[{"start":{"line":13,"column":2},"end":{"line":20,"column":null}},{"start":{"line":15,"column":9},"end":{"line":20,"column":null}}],"line":13},"2":{"loc":{"start":{"line":15,"column":9},"end":{"line":20,"column":null}},"type":"if","locations":[{"start":{"line":15,"column":9},"end":{"line":20,"column":null}},{"start":{},"end":{}}],"line":15},"3":{"loc":{"start":{"line":16,"column":4},"end":{"line":17,"column":null}},"type":"binary-expr","locations":[{"start":{"line":16,"column":4},"end":{"line":16,"column":null}},{"start":{"line":17,"column":4},"end":{"line":17,"column":null}}],"line":16},"4":{"loc":{"start":{"line":21,"column":2},"end":{"line":23,"column":null}},"type":"if","locations":[{"start":{"line":21,"column":2},"end":{"line":23,"column":null}},{"start":{},"end":{}}],"line":21},"5":{"loc":{"start":{"line":24,"column":2},"end":{"line":26,"column":null}},"type":"if","locations":[{"start":{"line":24,"column":2},"end":{"line":26,"column":null}},{"start":{},"end":{}}],"line":24},"6":{"loc":{"start":{"line":27,"column":2},"end":{"line":33,"column":null}},"type":"if","locations":[{"start":{"line":27,"column":2},"end":{"line":33,"column":null}},{"start":{"line":29,"column":9},"end":{"line":33,"column":null}}],"line":27},"7":{"loc":{"start":{"line":27,"column":6},"end":{"line":27,"column":45}},"type":"binary-expr","locations":[{"start":{"line":27,"column":6},"end":{"line":27,"column":21}},{"start":{"line":27,"column":21},"end":{"line":27,"column":45}}],"line":27},"8":{"loc":{"start":{"line":29,"column":9},"end":{"line":33,"column":null}},"type":"if","locations":[{"start":{"line":29,"column":9},"end":{"line":33,"column":null}},{"start":{},"end":{}}],"line":29},"9":{"loc":{"start":{"line":34,"column":9},"end":{"line":34,"column":null}},"type":"cond-expr","locations":[{"start":{"line":34,"column":42},"end":{"line":34,"column":51}},{"start":{"line":34,"column":51},"end":{"line":34,"column":null}}],"line":34},"10":{"loc":{"start":{"line":43,"column":2},"end":{"line":50,"column":null}},"type":"if","locations":[{"start":{"line":43,"column":2},"end":{"line":50,"column":null}},{"start":{"line":45,"column":9},"end":{"line":50,"column":null}}],"line":43},"11":{"loc":{"start":{"line":45,"column":9},"end":{"line":50,"column":null}},"type":"if","locations":[{"start":{"line":45,"column":9},"end":{"line":50,"column":null}},{"start":{},"end":{}}],"line":45},"12":{"loc":{"start":{"line":46,"column":4},"end":{"line":47,"column":null}},"type":"binary-expr","locations":[{"start":{"line":46,"column":4},"end":{"line":46,"column":null}},{"start":{"line":47,"column":4},"end":{"line":47,"column":null}}],"line":46},"13":{"loc":{"start":{"line":51,"column":2},"end":{"line":62,"column":null}},"type":"if","locations":[{"start":{"line":51,"column":2},"end":{"line":62,"column":null}},{"start":{"line":53,"column":9},"end":{"line":62,"column":null}}],"line":51},"14":{"loc":{"start":{"line":53,"column":9},"end":{"line":62,"column":null}},"type":"if","locations":[{"start":{"line":53,"column":9},"end":{"line":62,"column":null}},{"start":{},"end":{}}],"line":53},"15":{"loc":{"start":{"line":54,"column":4},"end":{"line":55,"column":null}},"type":"binary-expr","locations":[{"start":{"line":54,"column":4},"end":{"line":54,"column":null}},{"start":{"line":55,"column":4},"end":{"line":55,"column":null}}],"line":54},"16":{"loc":{"start":{"line":63,"column":9},"end":{"line":63,"column":null}},"type":"cond-expr","locations":[{"start":{"line":63,"column":42},"end":{"line":63,"column":51}},{"start":{"line":63,"column":51},"end":{"line":63,"column":null}}],"line":63},"17":{"loc":{"start":{"line":68,"column":24},"end":{"line":68,"column":null}},"type":"binary-expr","locations":[{"start":{"line":68,"column":24},"end":{"line":68,"column":57}},{"start":{"line":68,"column":57},"end":{"line":68,"column":null}}],"line":68},"18":{"loc":{"start":{"line":69,"column":2},"end":{"line":71,"column":null}},"type":"if","locations":[{"start":{"line":69,"column":2},"end":{"line":71,"column":null}},{"start":{},"end":{}}],"line":69},"19":{"loc":{"start":{"line":77,"column":24},"end":{"line":77,"column":null}},"type":"binary-expr","locations":[{"start":{"line":77,"column":24},"end":{"line":77,"column":57}},{"start":{"line":77,"column":57},"end":{"line":77,"column":null}}],"line":77},"20":{"loc":{"start":{"line":79,"column":4},"end":{"line":79,"column":null}},"type":"binary-expr","locations":[{"start":{"line":79,"column":4},"end":{"line":79,"column":35}},{"start":{"line":79,"column":35},"end":{"line":79,"column":null}}],"line":79},"21":{"loc":{"start":{"line":87,"column":2},"end":{"line":93,"column":null}},"type":"if","locations":[{"start":{"line":87,"column":2},"end":{"line":93,"column":null}},{"start":{},"end":{}}],"line":87},"22":{"loc":{"start":{"line":88,"column":4},"end":{"line":90,"column":null}},"type":"binary-expr","locations":[{"start":{"line":88,"column":4},"end":{"line":88,"column":null}},{"start":{"line":89,"column":4},"end":{"line":89,"column":null}},{"start":{"line":90,"column":4},"end":{"line":90,"column":null}}],"line":88},"23":{"loc":{"start":{"line":112,"column":2},"end":{"line":120,"column":null}},"type":"if","locations":[{"start":{"line":112,"column":2},"end":{"line":120,"column":null}},{"start":{"line":114,"column":9},"end":{"line":120,"column":null}}],"line":112},"24":{"loc":{"start":{"line":114,"column":9},"end":{"line":120,"column":null}},"type":"if","locations":[{"start":{"line":114,"column":9},"end":{"line":120,"column":null}},{"start":{},"end":{}}],"line":114},"25":{"loc":{"start":{"line":121,"column":2},"end":{"line":123,"column":null}},"type":"if","locations":[{"start":{"line":121,"column":2},"end":{"line":123,"column":null}},{"start":{},"end":{}}],"line":121}},"s":{"0":1,"1":0,"2":0,"3":0,"4":0,"5":0,"6":0,"7":0,"8":0,"9":0,"10":0,"11":0,"12":0,"13":0,"14":0,"15":1,"16":0,"17":0,"18":0,"19":0,"20":0,"21":0,"22":0,"23":0,"24":0,"25":0,"26":1,"27":0,"28":0,"29":0,"30":0,"31":1,"32":0,"33":0,"34":0,"35":0,"36":0,"37":0,"38":0,"39":1,"40":0,"41":0,"42":0,"43":0,"44":0,"45":0,"46":0,"47":0},"f":{"0":0,"1":0,"2":0,"3":0,"4":0},"b":{"0":[0,0],"1":[0,0],"2":[0,0],"3":[0,0],"4":[0,0],"5":[0,0],"6":[0,0],"7":[0,0],"8":[0,0],"9":[0,0],"10":[0,0],"11":[0,0],"12":[0,0],"13":[0,0],"14":[0,0],"15":[0,0],"16":[0,0],"17":[0,0],"18":[0,0],"19":[0,0],"20":[0,0],"21":[0,0],"22":[0,0,0],"23":[0,0],"24":[0,0],"25":[0,0]},"meta":{"lastBranch":26,"lastFunction":5,"lastStatement":48,"seen":{"s:4:13:35:Infinity":0,"f:4:13:4:Infinity":0,"s:12:4:12:Infinity":1,"b:12:4:12:56:12:56:12:Infinity":0,"b:13:2:20:Infinity:15:9:20:Infinity":1,"s:13:2:20:Infinity":2,"s:14:4:14:Infinity":3,"b:15:9:20:Infinity:undefined:undefined:undefined:undefined":2,"s:15:9:20:Infinity":4,"b:16:4:16:Infinity:17:4:17:Infinity":3,"s:19:4:19:Infinity":5,"b:21:2:23:Infinity:undefined:undefined:undefined:undefined":4,"s:21:2:23:Infinity":6,"s:22:4:22:Infinity":7,"b:24:2:26:Infinity:undefined:undefined:undefined:undefined":5,"s:24:2:26:Infinity":8,"s:25:4:25:Infinity":9,"b:27:2:33:Infinity:29:9:33:Infinity":6,"s:27:2:33:Infinity":10,"b:27:6:27:21:27:21:27:45":7,"s:28:4:28:Infinity":11,"b:29:9:33:Infinity:undefined:undefined:undefined:undefined":8,"s:29:9:33:Infinity":12,"s:30:4:32:Infinity":13,"s:34:2:34:Infinity":14,"b:34:42:34:51:34:51:34:Infinity":9,"s:38:13:64:Infinity":15,"f:38:13:38:Infinity":1,"s:42:56:42:Infinity":16,"b:43:2:50:Infinity:45:9:50:Infinity":10,"s:43:2:50:Infinity":17,"s:44:4:44:Infinity":18,"b:45:9:50:Infinity:undefined:undefined:undefined:undefined":11,"s:45:9:50:Infinity":19,"b:46:4:46:Infinity:47:4:47:Infinity":12,"s:49:4:49:Infinity":20,"b:51:2:62:Infinity:53:9:62:Infinity":13,"s:51:2:62:Infinity":21,"s:52:4:52:Infinity":22,"b:53:9:62:Infinity:undefined:undefined:undefined:undefined":14,"s:53:9:62:Infinity":23,"b:54:4:54:Infinity:55:4:55:Infinity":15,"s:57:4:61:Infinity":24,"s:63:2:63:Infinity":25,"b:63:42:63:51:63:51:63:Infinity":16,"s:67:13:73:Infinity":26,"f:67:13:67:40":2,"s:68:24:68:Infinity":27,"b:68:24:68:57:68:57:68:Infinity":17,"b:69:2:71:Infinity:undefined:undefined:undefined:undefined":18,"s:69:2:71:Infinity":28,"s:70:4:70:Infinity":29,"s:72:2:72:Infinity":30,"s:76:29:104:Infinity":31,"f:76:29:76:36":3,"s:77:24:77:Infinity":32,"b:77:24:77:57:77:57:77:Infinity":19,"s:79:4:79:Infinity":33,"b:79:4:79:35:79:35:79:Infinity":20,"s:80:14:86:Infinity":34,"b:87:2:93:Infinity:undefined:undefined:undefined:undefined":21,"s:87:2:93:Infinity":35,"b:88:4:88:Infinity:89:4:89:Infinity:90:4:90:Infinity":22,"s:92:4:92:Infinity":36,"s:94:24:94:Infinity":37,"s:103:2:103:Infinity":38,"s:107:13:125:Infinity":39,"f:107:13:107:Infinity":4,"s:111:56:111:Infinity":40,"b:112:2:120:Infinity:114:9:120:Infinity":23,"s:112:2:120:Infinity":41,"s:113:4:113:Infinity":42,"b:114:9:120:Infinity:undefined:undefined:undefined:undefined":24,"s:114:9:120:Infinity":43,"s:115:4:119:Infinity":44,"b:121:2:123:Infinity:undefined:undefined:undefined:undefined":25,"s:121:2:123:Infinity":45,"s:122:4:122:Infinity":46,"s:124:2:124:Infinity":47},"fnNames":{}}}
,"D:\\reactrps\\vite-project\\app\\utils\\frontend-boilerplate\\frontend-functions.ts": {"path":"D:\\reactrps\\vite-project\\app\\utils\\frontend-boilerplate\\frontend-functions.ts","statementMap":{"0":{"start":{"line":7,"column":21},"end":{"line":7,"column":null}},"1":{"start":{"line":8,"column":2},"end":{"line":18,"column":null}},"2":{"start":{"line":8,"column":45},"end":{"line":8,"column":null}},"3":{"start":{"line":9,"column":7},"end":{"line":18,"column":null}},"4":{"start":{"line":13,"column":4},"end":{"line":13,"column":null}},"5":{"start":{"line":15,"column":4},"end":{"line":16,"column":null}},"6":{"start":{"line":17,"column":4},"end":{"line":17,"column":null}},"7":{"start":{"line":19,"column":2},"end":{"line":19,"column":null}},"8":{"start":{"line":27,"column":2},"end":{"line":61,"column":null}},"9":{"start":{"line":28,"column":14},"end":{"line":41,"column":null}},"10":{"start":{"line":42,"column":16},"end":{"line":42,"column":null}},"11":{"start":{"line":43,"column":4},"end":{"line":48,"column":null}},"12":{"start":{"line":44,"column":6},"end":{"line":47,"column":null}},"13":{"start":{"line":49,"column":4},"end":{"line":53,"column":null}},"14":{"start":{"line":55,"column":4},"end":{"line":60,"column":null}},"15":{"start":{"line":65,"column":24},"end":{"line":65,"column":null}},"16":{"start":{"line":66,"column":14},"end":{"line":66,"column":null}},"17":{"start":{"line":67,"column":22},"end":{"line":67,"column":null}},"18":{"start":{"line":69,"column":4},"end":{"line":69,"column":null}},"19":{"start":{"line":70,"column":34},"end":{"line":79,"column":null}},"20":{"start":{"line":80,"column":2},"end":{"line":85,"column":null}},"21":{"start":{"line":84,"column":4},"end":{"line":84,"column":null}},"22":{"start":{"line":86,"column":2},"end":{"line":91,"column":null}},"23":{"start":{"line":90,"column":4},"end":{"line":90,"column":null}},"24":{"start":{"line":93,"column":5},"end":{"line":93,"column":null}},"25":{"start":{"line":95,"column":2},"end":{"line":102,"column":null}},"26":{"start":{"line":107,"column":19},"end":{"line":107,"column":null}},"27":{"start":{"line":108,"column":2},"end":{"line":108,"column":null}},"28":{"start":{"line":109,"column":2},"end":{"line":128,"column":null}},"29":{"start":{"line":110,"column":14},"end":{"line":114,"column":null}},"30":{"start":{"line":115,"column":16},"end":{"line":115,"column":null}},"31":{"start":{"line":119,"column":4},"end":{"line":119,"column":null}},"32":{"start":{"line":121,"column":4},"end":{"line":127,"column":null}},"33":{"start":{"line":133,"column":2},"end":{"line":158,"column":null}},"34":{"start":{"line":134,"column":14},"end":{"line":140,"column":null}},"35":{"start":{"line":141,"column":16},"end":{"line":141,"column":null}},"36":{"start":{"line":145,"column":4},"end":{"line":149,"column":null}},"37":{"start":{"line":146,"column":6},"end":{"line":148,"column":null}},"38":{"start":{"line":150,"column":4},"end":{"line":150,"column":null}},"39":{"start":{"line":152,"column":4},"end":{"line":152,"column":null}},"40":{"start":{"line":154,"column":6},"end":{"line":156,"column":null}},"41":{"start":{"line":157,"column":4},"end":{"line":157,"column":null}}},"fnMap":{"0":{"name":"parseGameOutcome","decl":{"start":{"line":6,"column":16},"end":{"line":6,"column":33}},"loc":{"start":{"line":6,"column":50},"end":{"line":20,"column":null}},"line":6},"1":{"name":"fetchAuthenticationApi","decl":{"start":{"line":23,"column":22},"end":{"line":23,"column":null}},"loc":{"start":{"line":26,"column":2},"end":{"line":62,"column":null}},"line":26},"2":{"name":"fetchHistoryPageData","decl":{"start":{"line":64,"column":22},"end":{"line":64,"column":43}},"loc":{"start":{"line":64,"column":61},"end":{"line":103,"column":null}},"line":64},"3":{"name":"sendCSVFileToServer","decl":{"start":{"line":106,"column":22},"end":{"line":106,"column":42}},"loc":{"start":{"line":106,"column":68},"end":{"line":129,"column":null}},"line":106},"4":{"name":"deleteUserMatchHistory","decl":{"start":{"line":132,"column":22},"end":{"line":132,"column":45}},"loc":{"start":{"line":132,"column":59},"end":{"line":159,"column":null}},"line":132}},"branchMap":{"0":{"loc":{"start":{"line":8,"column":2},"end":{"line":18,"column":null}},"type":"if","locations":[{"start":{"line":8,"column":2},"end":{"line":18,"column":null}},{"start":{"line":9,"column":7},"end":{"line":18,"column":null}}],"line":8},"1":{"loc":{"start":{"line":9,"column":7},"end":{"line":18,"column":null}},"type":"if","locations":[{"start":{"line":9,"column":7},"end":{"line":18,"column":null}},{"start":{"line":14,"column":7},"end":{"line":18,"column":null}}],"line":9},"2":{"loc":{"start":{"line":10,"column":4},"end":{"line":11,"column":null}},"type":"binary-expr","locations":[{"start":{"line":10,"column":4},"end":{"line":10,"column":null}},{"start":{"line":11,"column":4},"end":{"line":11,"column":null}}],"line":10},"3":{"loc":{"start":{"line":15,"column":4},"end":{"line":16,"column":null}},"type":"binary-expr","locations":[{"start":{"line":15,"column":4},"end":{"line":15,"column":null}},{"start":{"line":16,"column":6},"end":{"line":16,"column":null}}],"line":15},"4":{"loc":{"start":{"line":31,"column":8},"end":{"line":33,"column":null}},"type":"cond-expr","locations":[{"start":{"line":32,"column":12},"end":{"line":32,"column":null}},{"start":{"line":33,"column":12},"end":{"line":33,"column":null}}],"line":31},"5":{"loc":{"start":{"line":35,"column":8},"end":{"line":39,"column":null}},"type":"cond-expr","locations":[{"start":{"line":36,"column":12},"end":{"line":36,"column":null}},{"start":{"line":37,"column":12},"end":{"line":39,"column":null}}],"line":35},"6":{"loc":{"start":{"line":43,"column":4},"end":{"line":48,"column":null}},"type":"if","locations":[{"start":{"line":43,"column":4},"end":{"line":48,"column":null}},{"start":{},"end":{}}],"line":43},"7":{"loc":{"start":{"line":46,"column":16},"end":{"line":46,"column":null}},"type":"binary-expr","locations":[{"start":{"line":46,"column":16},"end":{"line":46,"column":30}},{"start":{"line":46,"column":30},"end":{"line":46,"column":null}}],"line":46},"8":{"loc":{"start":{"line":65,"column":24},"end":{"line":65,"column":null}},"type":"binary-expr","locations":[{"start":{"line":65,"column":24},"end":{"line":65,"column":57}},{"start":{"line":65,"column":57},"end":{"line":65,"column":null}}],"line":65},"9":{"loc":{"start":{"line":67,"column":22},"end":{"line":67,"column":null}},"type":"binary-expr","locations":[{"start":{"line":67,"column":22},"end":{"line":67,"column":55}},{"start":{"line":67,"column":55},"end":{"line":67,"column":null}}],"line":67},"10":{"loc":{"start":{"line":69,"column":4},"end":{"line":69,"column":null}},"type":"binary-expr","locations":[{"start":{"line":69,"column":4},"end":{"line":69,"column":35}},{"start":{"line":69,"column":35},"end":{"line":69,"column":null}}],"line":69},"11":{"loc":{"start":{"line":80,"column":2},"end":{"line":85,"column":null}},"type":"if","locations":[{"start":{"line":80,"column":2},"end":{"line":85,"column":null}},{"start":{},"end":{}}],"line":80},"12":{"loc":{"start":{"line":81,"column":4},"end":{"line":82,"column":null}},"type":"binary-expr","locations":[{"start":{"line":81,"column":4},"end":{"line":81,"column":null}},{"start":{"line":82,"column":5},"end":{"line":82,"column":28}},{"start":{"line":82,"column":28},"end":{"line":82,"column":null}}],"line":81},"13":{"loc":{"start":{"line":86,"column":2},"end":{"line":91,"column":null}},"type":"if","locations":[{"start":{"line":86,"column":2},"end":{"line":91,"column":null}},{"start":{},"end":{}}],"line":86},"14":{"loc":{"start":{"line":87,"column":4},"end":{"line":88,"column":null}},"type":"binary-expr","locations":[{"start":{"line":87,"column":4},"end":{"line":87,"column":null}},{"start":{"line":88,"column":4},"end":{"line":88,"column":null}}],"line":87},"15":{"loc":{"start":{"line":97,"column":13},"end":{"line":97,"column":null}},"type":"binary-expr","locations":[{"start":{"line":97,"column":13},"end":{"line":97,"column":33}},{"start":{"line":97,"column":33},"end":{"line":97,"column":null}}],"line":97},"16":{"loc":{"start":{"line":99,"column":6},"end":{"line":101,"column":null}},"type":"cond-expr","locations":[{"start":{"line":100,"column":10},"end":{"line":100,"column":null}},{"start":{"line":101,"column":10},"end":{"line":101,"column":null}}],"line":99},"17":{"loc":{"start":{"line":123,"column":8},"end":{"line":125,"column":null}},"type":"cond-expr","locations":[{"start":{"line":124,"column":12},"end":{"line":124,"column":null}},{"start":{"line":125,"column":12},"end":{"line":125,"column":null}}],"line":123},"18":{"loc":{"start":{"line":145,"column":4},"end":{"line":149,"column":null}},"type":"if","locations":[{"start":{"line":145,"column":4},"end":{"line":149,"column":null}},{"start":{},"end":{}}],"line":145},"19":{"loc":{"start":{"line":147,"column":8},"end":{"line":147,"column":null}},"type":"binary-expr","locations":[{"start":{"line":147,"column":8},"end":{"line":147,"column":24}},{"start":{"line":147,"column":24},"end":{"line":147,"column":null}}],"line":147},"20":{"loc":{"start":{"line":150,"column":18},"end":{"line":150,"column":68}},"type":"binary-expr","locations":[{"start":{"line":150,"column":18},"end":{"line":150,"column":34}},{"start":{"line":150,"column":34},"end":{"line":150,"column":68}}],"line":150},"21":{"loc":{"start":{"line":154,"column":6},"end":{"line":156,"column":null}},"type":"cond-expr","locations":[{"start":{"line":155,"column":10},"end":{"line":155,"column":null}},{"start":{"line":156,"column":10},"end":{"line":156,"column":null}}],"line":154}},"s":{"0":0,"1":0,"2":0,"3":0,"4":0,"5":0,"6":0,"7":0,"8":3,"9":3,"10":3,"11":3,"12":2,"13":1,"14":0,"15":0,"16":0,"17":0,"18":0,"19":0,"20":0,"21":0,"22":0,"23":0,"24":0,"25":0,"26":0,"27":0,"28":0,"29":0,"30":0,"31":0,"32":0,"33":0,"34":0,"35":0,"36":0,"37":0,"38":0,"39":0,"40":0,"41":0},"f":{"0":0,"1":3,"2":0,"3":0,"4":0},"b":{"0":[0,0],"1":[0,0],"2":[0,0],"3":[0,0],"4":[0,3],"5":[0,3],"6":[2,1],"7":[2,0],"8":[0,0],"9":[0,0],"10":[0,0],"11":[0,0],"12":[0,0,0],"13":[0,0],"14":[0,0],"15":[0,0],"16":[0,0],"17":[0,0],"18":[0,0],"19":[0,0],"20":[0,0],"21":[0,0]},"meta":{"lastBranch":22,"lastFunction":5,"lastStatement":42,"seen":{"f:6:16:6:33":0,"s:7:21:7:Infinity":0,"b:8:2:18:Infinity:9:7:18:Infinity":0,"s:8:2:18:Infinity":1,"s:8:45:8:Infinity":2,"b:9:7:18:Infinity:14:7:18:Infinity":1,"s:9:7:18:Infinity":3,"b:10:4:10:Infinity:11:4:11:Infinity":2,"s:13:4:13:Infinity":4,"s:15:4:16:Infinity":5,"b:15:4:15:Infinity:16:6:16:Infinity":3,"s:17:4:17:Infinity":6,"s:19:2:19:Infinity":7,"f:23:22:23:Infinity":1,"s:27:2:61:Infinity":8,"s:28:14:41:Infinity":9,"b:32:12:32:Infinity:33:12:33:Infinity":4,"b:36:12:36:Infinity:37:12:39:Infinity":5,"s:42:16:42:Infinity":10,"b:43:4:48:Infinity:undefined:undefined:undefined:undefined":6,"s:43:4:48:Infinity":11,"s:44:6:47:Infinity":12,"b:46:16:46:30:46:30:46:Infinity":7,"s:49:4:53:Infinity":13,"s:55:4:60:Infinity":14,"f:64:22:64:43":2,"s:65:24:65:Infinity":15,"b:65:24:65:57:65:57:65:Infinity":8,"s:66:14:66:Infinity":16,"s:67:22:67:Infinity":17,"b:67:22:67:55:67:55:67:Infinity":9,"s:69:4:69:Infinity":18,"b:69:4:69:35:69:35:69:Infinity":10,"s:70:34:79:Infinity":19,"b:80:2:85:Infinity:undefined:undefined:undefined:undefined":11,"s:80:2:85:Infinity":20,"b:81:4:81:Infinity:82:5:82:28:82:28:82:Infinity":12,"s:84:4:84:Infinity":21,"b:86:2:91:Infinity:undefined:undefined:undefined:undefined":13,"s:86:2:91:Infinity":22,"b:87:4:87:Infinity:88:4:88:Infinity":14,"s:90:4:90:Infinity":23,"s:93:5:93:Infinity":24,"s:95:2:102:Infinity":25,"b:97:13:97:33:97:33:97:Infinity":15,"b:100:10:100:Infinity:101:10:101:Infinity":16,"f:106:22:106:42":3,"s:107:19:107:Infinity":26,"s:108:2:108:Infinity":27,"s:109:2:128:Infinity":28,"s:110:14:114:Infinity":29,"s:115:16:115:Infinity":30,"s:119:4:119:Infinity":31,"s:121:4:127:Infinity":32,"b:124:12:124:Infinity:125:12:125:Infinity":17,"f:132:22:132:45":4,"s:133:2:158:Infinity":33,"s:134:14:140:Infinity":34,"s:141:16:141:Infinity":35,"b:145:4:149:Infinity:undefined:undefined:undefined:undefined":18,"s:145:4:149:Infinity":36,"s:146:6:148:Infinity":37,"b:147:8:147:24:147:24:147:Infinity":19,"s:150:4:150:Infinity":38,"b:150:18:150:34:150:34:150:68":20,"s:152:4:152:Infinity":39,"s:154:6:156:Infinity":40,"b:155:10:155:Infinity:156:10:156:Infinity":21,"s:157:4:157:Infinity":41},"fnNames":{}}}
}
