{"D:\\reactrps\\vite-project\\app\\components\\RegisterComponents\\EmailInput.tsx": {"path":"D:\\reactrps\\vite-project\\app\\components\\RegisterComponents\\EmailInput.tsx","statementMap":{"0":{"start":{"line":1,"column":13},"end":{"line":36,"column":null}},"1":{"start":{"line":14,"column":2},"end":{"line":34,"column":null}}},"fnMap":{"0":{"name":"(anonymous_0)","decl":{"start":{"line":1,"column":13},"end":{"line":1,"column":27}},"loc":{"start":{"line":13,"column":6},"end":{"line":36,"column":null}},"line":13}},"branchMap":{},"s":{"0":1,"1":1},"f":{"0":1},"b":{},"meta":{"lastBranch":0,"lastFunction":1,"lastStatement":2,"seen":{"s:1:13:36:Infinity":0,"f:1:13:1:27":0,"s:14:2:34:Infinity":1},"fnNames":{}}}
,"D:\\reactrps\\vite-project\\app\\components\\RegisterComponents\\PasswordInput.tsx": {"path":"D:\\reactrps\\vite-project\\app\\components\\RegisterComponents\\PasswordInput.tsx","statementMap":{"0":{"start":{"line":1,"column":13},"end":{"line":44,"column":null}},"1":{"start":{"line":20,"column":2},"end":{"line":42,"column":null}}},"fnMap":{"0":{"name":"(anonymous_0)","decl":{"start":{"line":1,"column":13},"end":{"line":1,"column":30}},"loc":{"start":{"line":19,"column":6},"end":{"line":44,"column":null}},"line":19}},"branchMap":{"0":{"loc":{"start":{"line":5,"column":2},"end":{"line":5,"column":null}},"type":"default-arg","locations":[{"start":{"line":5,"column":14},"end":{"line":5,"column":null}}],"line":5},"1":{"loc":{"start":{"line":7,"column":2},"end":{"line":7,"column":null}},"type":"default-arg","locations":[{"start":{"line":7,"column":13},"end":{"line":7,"column":null}}],"line":7}},"s":{"0":1,"1":2},"f":{"0":2},"b":{"0":[2],"1":[2]},"meta":{"lastBranch":2,"lastFunction":1,"lastStatement":2,"seen":{"s:1:13:44:Infinity":0,"f:1:13:1:30":0,"b:5:14:5:Infinity":0,"b:7:13:7:Infinity":1,"s:20:2:42:Infinity":1},"fnNames":{}}}
,"D:\\reactrps\\vite-project\\app\\components\\RegisterComponents\\TextInput.tsx": {"path":"D:\\reactrps\\vite-project\\app\\components\\RegisterComponents\\TextInput.tsx","statementMap":{"0":{"start":{"line":1,"column":13},"end":{"line":42,"column":null}},"1":{"start":{"line":18,"column":2},"end":{"line":40,"column":null}}},"fnMap":{"0":{"name":"(anonymous_0)","decl":{"start":{"line":1,"column":13},"end":{"line":1,"column":26}},"loc":{"start":{"line":17,"column":6},"end":{"line":42,"column":null}},"line":17}},"branchMap":{"0":{"loc":{"start":{"line":5,"column":2},"end":{"line":5,"column":null}},"type":"default-arg","locations":[{"start":{"line":5,"column":14},"end":{"line":5,"column":null}}],"line":5},"1":{"loc":{"start":{"line":6,"column":2},"end":{"line":6,"column":null}},"type":"default-arg","locations":[{"start":{"line":6,"column":14},"end":{"line":6,"column":null}}],"line":6}},"s":{"0":1,"1":1},"f":{"0":1},"b":{"0":[1],"1":[1]},"meta":{"lastBranch":2,"lastFunction":1,"lastStatement":2,"seen":{"s:1:13:42:Infinity":0,"f:1:13:1:26":0,"b:5:14:5:Infinity":0,"b:6:14:6:Infinity":1,"s:18:2:40:Infinity":1},"fnNames":{}}}
,"D:\\reactrps\\vite-project\\app\\components\\RegisterComponents\\UploadInput.tsx": {"path":"D:\\reactrps\\vite-project\\app\\components\\RegisterComponents\\UploadInput.tsx","statementMap":{"0":{"start":{"line":1,"column":13},"end":{"line":36,"column":null}},"1":{"start":{"line":12,"column":2},"end":{"line":34,"column":null}},"2":{"start":{"line":27,"column":12},"end":{"line":29,"column":null}},"3":{"start":{"line":28,"column":14},"end":{"line":28,"column":null}}},"fnMap":{"0":{"name":"(anonymous_0)","decl":{"start":{"line":1,"column":13},"end":{"line":1,"column":28}},"loc":{"start":{"line":11,"column":6},"end":{"line":36,"column":null}},"line":11},"1":{"name":"(anonymous_1)","decl":{"start":{"line":26,"column":10},"end":{"line":26,"column":21}},"loc":{"start":{"line":26,"column":27},"end":{"line":30,"column":null}},"line":26}},"branchMap":{"0":{"loc":{"start":{"line":27,"column":12},"end":{"line":29,"column":null}},"type":"if","locations":[{"start":{"line":27,"column":12},"end":{"line":29,"column":null}},{"start":{},"end":{}}],"line":27}},"s":{"0":1,"1":1,"2":0,"3":0},"f":{"0":1,"1":0},"b":{"0":[0,0]},"meta":{"lastBranch":1,"lastFunction":2,"lastStatement":4,"seen":{"s:1:13:36:Infinity":0,"f:1:13:1:28":0,"s:12:2:34:Infinity":1,"f:26:10:26:21":1,"b:27:12:29:Infinity:undefined:undefined:undefined:undefined":0,"s:27:12:29:Infinity":2,"s:28:14:28:Infinity":3},"fnNames":{}}}
,"D:\\reactrps\\vite-project\\app\\config\\gameConfig.ts": {"path":"D:\\reactrps\\vite-project\\app\\config\\gameConfig.ts","statementMap":{"0":{"start":{"line":5,"column":37},"end":{"line":11,"column":null}},"1":{"start":{"line":12,"column":37},"end":{"line":90,"column":null}},"2":{"start":{"line":92,"column":25},"end":{"line":98,"column":null}},"3":{"start":{"line":101,"column":39},"end":{"line":107,"column":null}}},"fnMap":{},"branchMap":{},"s":{"0":1,"1":1,"2":1,"3":1},"f":{},"b":{},"meta":{"lastBranch":0,"lastFunction":0,"lastStatement":4,"seen":{"s:5:37:11:Infinity":0,"s:12:37:90:Infinity":1,"s:92:25:98:Infinity":2,"s:101:39:107:Infinity":3},"fnNames":{}}}
,"D:\\reactrps\\vite-project\\app\\config\\historyConfig.ts": {"path":"D:\\reactrps\\vite-project\\app\\config\\historyConfig.ts","statementMap":{"0":{"start":{"line":4,"column":50},"end":{"line":10,"column":null}},"1":{"start":{"line":13,"column":28},"end":{"line":39,"column":null}},"2":{"start":{"line":42,"column":32},"end":{"line":55,"column":null}},"3":{"start":{"line":56,"column":24},"end":{"line":61,"column":null}}},"fnMap":{},"branchMap":{},"s":{"0":2,"1":2,"2":2,"3":2},"f":{},"b":{},"meta":{"lastBranch":0,"lastFunction":0,"lastStatement":4,"seen":{"s:4:50:10:Infinity":0,"s:13:28:39:Infinity":1,"s:42:32:55:Infinity":2,"s:56:24:61:Infinity":3},"fnNames":{}}}
,"D:\\reactrps\\vite-project\\app\\express-controllers\\AuthController.ts": {"path":"D:\\reactrps\\vite-project\\app\\express-controllers\\AuthController.ts","statementMap":{"0":{"start":{"line":14,"column":28},"end":{"line":77,"column":null}},"1":{"start":{"line":19,"column":2},"end":{"line":76,"column":null}},"2":{"start":{"line":20,"column":24},"end":{"line":20,"column":null}},"3":{"start":{"line":21,"column":4},"end":{"line":26,"column":null}},"4":{"start":{"line":22,"column":6},"end":{"line":25,"column":null}},"5":{"start":{"line":27,"column":26},"end":{"line":27,"column":null}},"6":{"start":{"line":28,"column":32},"end":{"line":28,"column":null}},"7":{"start":{"line":29,"column":20},"end":{"line":29,"column":null}},"8":{"start":{"line":30,"column":4},"end":{"line":34,"column":null}},"9":{"start":{"line":31,"column":6},"end":{"line":33,"column":null}},"10":{"start":{"line":35,"column":17},"end":{"line":35,"column":null}},"11":{"start":{"line":36,"column":4},"end":{"line":41,"column":null}},"12":{"start":{"line":37,"column":6},"end":{"line":40,"column":null}},"13":{"start":{"line":42,"column":21},"end":{"line":42,"column":null}},"14":{"start":{"line":43,"column":4},"end":{"line":49,"column":null}},"15":{"start":{"line":44,"column":6},"end":{"line":48,"column":null}},"16":{"start":{"line":50,"column":21},"end":{"line":54,"column":null}},"17":{"start":{"line":56,"column":4},"end":{"line":61,"column":null}},"18":{"start":{"line":63,"column":4},"end":{"line":73,"column":null}},"19":{"start":{"line":75,"column":4},"end":{"line":75,"column":null}}},"fnMap":{"0":{"name":"(anonymous_0)","decl":{"start":{"line":14,"column":28},"end":{"line":14,"column":null}},"loc":{"start":{"line":18,"column":5},"end":{"line":77,"column":null}},"line":18}},"branchMap":{"0":{"loc":{"start":{"line":21,"column":4},"end":{"line":26,"column":null}},"type":"if","locations":[{"start":{"line":21,"column":4},"end":{"line":26,"column":null}},{"start":{},"end":{}}],"line":21},"1":{"loc":{"start":{"line":30,"column":4},"end":{"line":34,"column":null}},"type":"if","locations":[{"start":{"line":30,"column":4},"end":{"line":34,"column":null}},{"start":{},"end":{}}],"line":30},"2":{"loc":{"start":{"line":36,"column":4},"end":{"line":41,"column":null}},"type":"if","locations":[{"start":{"line":36,"column":4},"end":{"line":41,"column":null}},{"start":{},"end":{}}],"line":36},"3":{"loc":{"start":{"line":43,"column":4},"end":{"line":49,"column":null}},"type":"if","locations":[{"start":{"line":43,"column":4},"end":{"line":49,"column":null}},{"start":{},"end":{}}],"line":43}},"s":{"0":1,"1":6,"2":6,"3":6,"4":0,"5":6,"6":6,"7":6,"8":6,"9":1,"10":5,"11":5,"12":0,"13":5,"14":5,"15":0,"16":5,"17":5,"18":5,"19":0},"f":{"0":6},"b":{"0":[0,6],"1":[1,5],"2":[0,5],"3":[0,5]},"meta":{"lastBranch":4,"lastFunction":1,"lastStatement":20,"seen":{"s:14:28:77:Infinity":0,"f:14:28:14:Infinity":0,"s:19:2:76:Infinity":1,"s:20:24:20:Infinity":2,"b:21:4:26:Infinity:undefined:undefined:undefined:undefined":0,"s:21:4:26:Infinity":3,"s:22:6:25:Infinity":4,"s:27:26:27:Infinity":5,"s:28:32:28:Infinity":6,"s:29:20:29:Infinity":7,"b:30:4:34:Infinity:undefined:undefined:undefined:undefined":1,"s:30:4:34:Infinity":8,"s:31:6:33:Infinity":9,"s:35:17:35:Infinity":10,"b:36:4:41:Infinity:undefined:undefined:undefined:undefined":2,"s:36:4:41:Infinity":11,"s:37:6:40:Infinity":12,"s:42:21:42:Infinity":13,"b:43:4:49:Infinity:undefined:undefined:undefined:undefined":3,"s:43:4:49:Infinity":14,"s:44:6:48:Infinity":15,"s:50:21:54:Infinity":16,"s:56:4:61:Infinity":17,"s:63:4:73:Infinity":18,"s:75:4:75:Infinity":19},"fnNames":{}}}
,"D:\\reactrps\\vite-project\\app\\express-controllers\\EmailVerificationController.ts": {"path":"D:\\reactrps\\vite-project\\app\\express-controllers\\EmailVerificationController.ts","statementMap":{"0":{"start":{"line":15,"column":27},"end":{"line":51,"column":null}},"1":{"start":{"line":20,"column":2},"end":{"line":50,"column":null}},"2":{"start":{"line":21,"column":22},"end":{"line":21,"column":null}},"3":{"start":{"line":22,"column":4},"end":{"line":27,"column":null}},"4":{"start":{"line":23,"column":6},"end":{"line":26,"column":null}},"5":{"start":{"line":28,"column":22},"end":{"line":31,"column":null}},"6":{"start":{"line":32,"column":4},"end":{"line":37,"column":null}},"7":{"start":{"line":33,"column":6},"end":{"line":36,"column":null}},"8":{"start":{"line":38,"column":4},"end":{"line":38,"column":null}},"9":{"start":{"line":39,"column":4},"end":{"line":39,"column":null}},"10":{"start":{"line":40,"column":4},"end":{"line":40,"column":null}},"11":{"start":{"line":41,"column":26},"end":{"line":41,"column":null}},"12":{"start":{"line":42,"column":4},"end":{"line":42,"column":null}},"13":{"start":{"line":43,"column":4},"end":{"line":47,"column":null}},"14":{"start":{"line":49,"column":4},"end":{"line":49,"column":null}},"15":{"start":{"line":55,"column":39},"end":{"line":94,"column":null}},"16":{"start":{"line":60,"column":2},"end":{"line":93,"column":null}},"17":{"start":{"line":61,"column":17},"end":{"line":61,"column":null}},"18":{"start":{"line":62,"column":22},"end":{"line":62,"column":null}},"19":{"start":{"line":63,"column":4},"end":{"line":67,"column":null}},"20":{"start":{"line":64,"column":6},"end":{"line":66,"column":null}},"21":{"start":{"line":68,"column":4},"end":{"line":73,"column":null}},"22":{"start":{"line":69,"column":6},"end":{"line":72,"column":null}},"23":{"start":{"line":74,"column":4},"end":{"line":76,"column":null}},"24":{"start":{"line":77,"column":4},"end":{"line":78,"column":null}},"25":{"start":{"line":79,"column":4},"end":{"line":79,"column":null}},"26":{"start":{"line":80,"column":15},"end":{"line":80,"column":null}},"27":{"start":{"line":81,"column":4},"end":{"line":85,"column":null}},"28":{"start":{"line":87,"column":4},"end":{"line":90,"column":null}},"29":{"start":{"line":92,"column":4},"end":{"line":92,"column":null}}},"fnMap":{"0":{"name":"(anonymous_0)","decl":{"start":{"line":15,"column":27},"end":{"line":15,"column":null}},"loc":{"start":{"line":19,"column":5},"end":{"line":51,"column":null}},"line":19},"1":{"name":"(anonymous_1)","decl":{"start":{"line":55,"column":39},"end":{"line":55,"column":null}},"loc":{"start":{"line":59,"column":5},"end":{"line":94,"column":null}},"line":59}},"branchMap":{"0":{"loc":{"start":{"line":22,"column":4},"end":{"line":27,"column":null}},"type":"if","locations":[{"start":{"line":22,"column":4},"end":{"line":27,"column":null}},{"start":{},"end":{}}],"line":22},"1":{"loc":{"start":{"line":32,"column":4},"end":{"line":37,"column":null}},"type":"if","locations":[{"start":{"line":32,"column":4},"end":{"line":37,"column":null}},{"start":{},"end":{}}],"line":32},"2":{"loc":{"start":{"line":63,"column":4},"end":{"line":67,"column":null}},"type":"if","locations":[{"start":{"line":63,"column":4},"end":{"line":67,"column":null}},{"start":{},"end":{}}],"line":63},"3":{"loc":{"start":{"line":68,"column":4},"end":{"line":73,"column":null}},"type":"if","locations":[{"start":{"line":68,"column":4},"end":{"line":73,"column":null}},{"start":{},"end":{}}],"line":68}},"s":{"0":1,"1":0,"2":0,"3":0,"4":0,"5":0,"6":0,"7":0,"8":0,"9":0,"10":0,"11":0,"12":0,"13":0,"14":0,"15":1,"16":0,"17":0,"18":0,"19":0,"20":0,"21":0,"22":0,"23":0,"24":0,"25":0,"26":0,"27":0,"28":0,"29":0},"f":{"0":0,"1":0},"b":{"0":[0,0],"1":[0,0],"2":[0,0],"3":[0,0]},"meta":{"lastBranch":4,"lastFunction":2,"lastStatement":30,"seen":{"s:15:27:51:Infinity":0,"f:15:27:15:Infinity":0,"s:20:2:50:Infinity":1,"s:21:22:21:Infinity":2,"b:22:4:27:Infinity:undefined:undefined:undefined:undefined":0,"s:22:4:27:Infinity":3,"s:23:6:26:Infinity":4,"s:28:22:31:Infinity":5,"b:32:4:37:Infinity:undefined:undefined:undefined:undefined":1,"s:32:4:37:Infinity":6,"s:33:6:36:Infinity":7,"s:38:4:38:Infinity":8,"s:39:4:39:Infinity":9,"s:40:4:40:Infinity":10,"s:41:26:41:Infinity":11,"s:42:4:42:Infinity":12,"s:43:4:47:Infinity":13,"s:49:4:49:Infinity":14,"s:55:39:94:Infinity":15,"f:55:39:55:Infinity":1,"s:60:2:93:Infinity":16,"s:61:17:61:Infinity":17,"s:62:22:62:Infinity":18,"b:63:4:67:Infinity:undefined:undefined:undefined:undefined":2,"s:63:4:67:Infinity":19,"s:64:6:66:Infinity":20,"b:68:4:73:Infinity:undefined:undefined:undefined:undefined":3,"s:68:4:73:Infinity":21,"s:69:6:72:Infinity":22,"s:74:4:76:Infinity":23,"s:77:4:78:Infinity":24,"s:79:4:79:Infinity":25,"s:80:15:80:Infinity":26,"s:81:4:85:Infinity":27,"s:87:4:90:Infinity":28,"s:92:4:92:Infinity":29},"fnNames":{}}}
,"D:\\reactrps\\vite-project\\app\\express-controllers\\IdentityController.ts": {"path":"D:\\reactrps\\vite-project\\app\\express-controllers\\IdentityController.ts","statementMap":{"0":{"start":{"line":13,"column":36},"end":{"line":61,"column":null}},"1":{"start":{"line":18,"column":21},"end":{"line":18,"column":null}},"2":{"start":{"line":19,"column":2},"end":{"line":60,"column":null}},"3":{"start":{"line":20,"column":4},"end":{"line":28,"column":null}},"4":{"start":{"line":21,"column":6},"end":{"line":27,"column":null}},"5":{"start":{"line":29,"column":20},"end":{"line":29,"column":null}},"6":{"start":{"line":30,"column":4},"end":{"line":34,"column":null}},"7":{"start":{"line":31,"column":6},"end":{"line":31,"column":null}},"8":{"start":{"line":33,"column":6},"end":{"line":33,"column":null}},"9":{"start":{"line":35,"column":4},"end":{"line":42,"column":null}},"10":{"start":{"line":36,"column":6},"end":{"line":41,"column":null}},"11":{"start":{"line":43,"column":31},"end":{"line":43,"column":null}},"12":{"start":{"line":44,"column":4},"end":{"line":44,"column":null}},"13":{"start":{"line":45,"column":4},"end":{"line":46,"column":null}},"14":{"start":{"line":47,"column":4},"end":{"line":47,"column":null}},"15":{"start":{"line":48,"column":17},"end":{"line":48,"column":null}},"16":{"start":{"line":49,"column":4},"end":{"line":53,"column":null}},"17":{"start":{"line":54,"column":4},"end":{"line":57,"column":null}},"18":{"start":{"line":59,"column":4},"end":{"line":59,"column":null}},"19":{"start":{"line":64,"column":29},"end":{"line":112,"column":null}},"20":{"start":{"line":73,"column":45},"end":{"line":73,"column":null}},"21":{"start":{"line":74,"column":23},"end":{"line":74,"column":null}},"22":{"start":{"line":75,"column":17},"end":{"line":75,"column":null}},"23":{"start":{"line":76,"column":2},"end":{"line":81,"column":null}},"24":{"start":{"line":77,"column":4},"end":{"line":80,"column":null}},"25":{"start":{"line":82,"column":2},"end":{"line":111,"column":null}},"26":{"start":{"line":83,"column":4},"end":{"line":88,"column":null}},"27":{"start":{"line":84,"column":6},"end":{"line":87,"column":null}},"28":{"start":{"line":89,"column":22},"end":{"line":92,"column":null}},"29":{"start":{"line":93,"column":4},"end":{"line":99,"column":null}},"30":{"start":{"line":94,"column":6},"end":{"line":98,"column":null}},"31":{"start":{"line":100,"column":27},"end":{"line":100,"column":null}},"32":{"start":{"line":101,"column":4},"end":{"line":101,"column":null}},"33":{"start":{"line":102,"column":4},"end":{"line":102,"column":null}},"34":{"start":{"line":103,"column":4},"end":{"line":103,"column":null}},"35":{"start":{"line":104,"column":4},"end":{"line":104,"column":null}},"36":{"start":{"line":105,"column":4},"end":{"line":108,"column":null}},"37":{"start":{"line":110,"column":4},"end":{"line":110,"column":null}}},"fnMap":{"0":{"name":"(anonymous_0)","decl":{"start":{"line":13,"column":36},"end":{"line":13,"column":null}},"loc":{"start":{"line":17,"column":5},"end":{"line":61,"column":null}},"line":17},"1":{"name":"(anonymous_1)","decl":{"start":{"line":64,"column":29},"end":{"line":64,"column":null}},"loc":{"start":{"line":72,"column":5},"end":{"line":112,"column":null}},"line":72}},"branchMap":{"0":{"loc":{"start":{"line":20,"column":4},"end":{"line":28,"column":null}},"type":"if","locations":[{"start":{"line":20,"column":4},"end":{"line":28,"column":null}},{"start":{},"end":{}}],"line":20},"1":{"loc":{"start":{"line":30,"column":4},"end":{"line":34,"column":null}},"type":"if","locations":[{"start":{"line":30,"column":4},"end":{"line":34,"column":null}},{"start":{"line":32,"column":11},"end":{"line":34,"column":null}}],"line":30},"2":{"loc":{"start":{"line":35,"column":4},"end":{"line":42,"column":null}},"type":"if","locations":[{"start":{"line":35,"column":4},"end":{"line":42,"column":null}},{"start":{},"end":{}}],"line":35},"3":{"loc":{"start":{"line":76,"column":2},"end":{"line":81,"column":null}},"type":"if","locations":[{"start":{"line":76,"column":2},"end":{"line":81,"column":null}},{"start":{},"end":{}}],"line":76},"4":{"loc":{"start":{"line":83,"column":4},"end":{"line":88,"column":null}},"type":"if","locations":[{"start":{"line":83,"column":4},"end":{"line":88,"column":null}},{"start":{},"end":{}}],"line":83},"5":{"loc":{"start":{"line":93,"column":4},"end":{"line":99,"column":null}},"type":"if","locations":[{"start":{"line":93,"column":4},"end":{"line":99,"column":null}},{"start":{},"end":{}}],"line":93}},"s":{"0":1,"1":0,"2":0,"3":0,"4":0,"5":0,"6":0,"7":0,"8":0,"9":0,"10":0,"11":0,"12":0,"13":0,"14":0,"15":0,"16":0,"17":0,"18":0,"19":1,"20":0,"21":0,"22":0,"23":0,"24":0,"25":0,"26":0,"27":0,"28":0,"29":0,"30":0,"31":0,"32":0,"33":0,"34":0,"35":0,"36":0,"37":0},"f":{"0":0,"1":0},"b":{"0":[0,0],"1":[0,0],"2":[0,0],"3":[0,0],"4":[0,0],"5":[0,0]},"meta":{"lastBranch":6,"lastFunction":2,"lastStatement":38,"seen":{"s:13:36:61:Infinity":0,"f:13:36:13:Infinity":0,"s:18:21:18:Infinity":1,"s:19:2:60:Infinity":2,"b:20:4:28:Infinity:undefined:undefined:undefined:undefined":0,"s:20:4:28:Infinity":3,"s:21:6:27:Infinity":4,"s:29:20:29:Infinity":5,"b:30:4:34:Infinity:32:11:34:Infinity":1,"s:30:4:34:Infinity":6,"s:31:6:31:Infinity":7,"s:33:6:33:Infinity":8,"b:35:4:42:Infinity:undefined:undefined:undefined:undefined":2,"s:35:4:42:Infinity":9,"s:36:6:41:Infinity":10,"s:43:31:43:Infinity":11,"s:44:4:44:Infinity":12,"s:45:4:46:Infinity":13,"s:47:4:47:Infinity":14,"s:48:17:48:Infinity":15,"s:49:4:53:Infinity":16,"s:54:4:57:Infinity":17,"s:59:4:59:Infinity":18,"s:64:29:112:Infinity":19,"f:64:29:64:Infinity":1,"s:73:45:73:Infinity":20,"s:74:23:74:Infinity":21,"s:75:17:75:Infinity":22,"b:76:2:81:Infinity:undefined:undefined:undefined:undefined":3,"s:76:2:81:Infinity":23,"s:77:4:80:Infinity":24,"s:82:2:111:Infinity":25,"b:83:4:88:Infinity:undefined:undefined:undefined:undefined":4,"s:83:4:88:Infinity":26,"s:84:6:87:Infinity":27,"s:89:22:92:Infinity":28,"b:93:4:99:Infinity:undefined:undefined:undefined:undefined":5,"s:93:4:99:Infinity":29,"s:94:6:98:Infinity":30,"s:100:27:100:Infinity":31,"s:101:4:101:Infinity":32,"s:102:4:102:Infinity":33,"s:103:4:103:Infinity":34,"s:104:4:104:Infinity":35,"s:105:4:108:Infinity":36,"s:110:4:110:Infinity":37},"fnNames":{}}}
,"D:\\reactrps\\vite-project\\app\\express-controllers\\MatchController.ts": {"path":"D:\\reactrps\\vite-project\\app\\express-controllers\\MatchController.ts","statementMap":{"0":{"start":{"line":19,"column":28},"end":{"line":63,"column":null}},"1":{"start":{"line":24,"column":15},"end":{"line":24,"column":null}},"2":{"start":{"line":25,"column":2},"end":{"line":62,"column":null}},"3":{"start":{"line":26,"column":27},"end":{"line":26,"column":null}},"4":{"start":{"line":27,"column":31},"end":{"line":29,"column":null}},"5":{"start":{"line":30,"column":34},"end":{"line":30,"column":null}},"6":{"start":{"line":31,"column":33},"end":{"line":31,"column":null}},"7":{"start":{"line":32,"column":22},"end":{"line":32,"column":null}},"8":{"start":{"line":33,"column":24},"end":{"line":33,"column":null}},"9":{"start":{"line":34,"column":23},"end":{"line":34,"column":null}},"10":{"start":{"line":35,"column":21},"end":{"line":35,"column":null}},"11":{"start":{"line":36,"column":17},"end":{"line":41,"column":null}},"12":{"start":{"line":42,"column":4},"end":{"line":57,"column":null}},"13":{"start":{"line":59,"column":4},"end":{"line":61,"column":null}},"14":{"start":{"line":60,"column":6},"end":{"line":60,"column":null}},"15":{"start":{"line":66,"column":29},"end":{"line":109,"column":null}},"16":{"start":{"line":72,"column":18},"end":{"line":72,"column":null}},"17":{"start":{"line":74,"column":4},"end":{"line":74,"column":null}},"18":{"start":{"line":75,"column":2},"end":{"line":81,"column":null}},"19":{"start":{"line":76,"column":4},"end":{"line":80,"column":null}},"20":{"start":{"line":82,"column":15},"end":{"line":82,"column":null}},"21":{"start":{"line":83,"column":2},"end":{"line":108,"column":null}},"22":{"start":{"line":84,"column":23},"end":{"line":84,"column":null}},"23":{"start":{"line":85,"column":4},"end":{"line":87,"column":null}},"24":{"start":{"line":86,"column":6},"end":{"line":86,"column":null}},"25":{"start":{"line":88,"column":4},"end":{"line":88,"column":null}},"26":{"start":{"line":89,"column":4},"end":{"line":92,"column":null}},"27":{"start":{"line":93,"column":4},"end":{"line":95,"column":null}},"28":{"start":{"line":96,"column":4},"end":{"line":102,"column":null}},"29":{"start":{"line":97,"column":24},"end":{"line":99,"column":null}},"30":{"start":{"line":100,"column":22},"end":{"line":100,"column":null}},"31":{"start":{"line":101,"column":6},"end":{"line":101,"column":null}},"32":{"start":{"line":103,"column":4},"end":{"line":103,"column":null}},"33":{"start":{"line":105,"column":4},"end":{"line":107,"column":null}},"34":{"start":{"line":106,"column":6},"end":{"line":106,"column":null}},"35":{"start":{"line":112,"column":29},"end":{"line":182,"column":null}},"36":{"start":{"line":117,"column":2},"end":{"line":181,"column":null}},"37":{"start":{"line":118,"column":4},"end":{"line":122,"column":null}},"38":{"start":{"line":119,"column":6},"end":{"line":121,"column":null}},"39":{"start":{"line":123,"column":33},"end":{"line":123,"column":null}},"40":{"start":{"line":124,"column":21},"end":{"line":124,"column":null}},"41":{"start":{"line":125,"column":4},"end":{"line":131,"column":null}},"42":{"start":{"line":126,"column":6},"end":{"line":126,"column":null}},"43":{"start":{"line":126,"column":25},"end":{"line":126,"column":null}},"44":{"start":{"line":127,"column":6},"end":{"line":130,"column":null}},"45":{"start":{"line":132,"column":62},"end":{"line":132,"column":null}},"46":{"start":{"line":133,"column":19},"end":{"line":133,"column":null}},"47":{"start":{"line":134,"column":23},"end":{"line":134,"column":null}},"48":{"start":{"line":135,"column":4},"end":{"line":176,"column":null}},"49":{"start":{"line":141,"column":12},"end":{"line":141,"column":null}},"50":{"start":{"line":145,"column":8},"end":{"line":145,"column":null}},"51":{"start":{"line":148,"column":8},"end":{"line":148,"column":null}},"52":{"start":{"line":149,"column":8},"end":{"line":151,"column":null}},"53":{"start":{"line":150,"column":10},"end":{"line":150,"column":null}},"54":{"start":{"line":152,"column":8},"end":{"line":152,"column":null}},"55":{"start":{"line":155,"column":8},"end":{"line":175,"column":null}},"56":{"start":{"line":156,"column":10},"end":{"line":156,"column":null}},"57":{"start":{"line":157,"column":10},"end":{"line":161,"column":null}},"58":{"start":{"line":158,"column":12},"end":{"line":160,"column":null}},"59":{"start":{"line":159,"column":14},"end":{"line":159,"column":null}},"60":{"start":{"line":162,"column":10},"end":{"line":165,"column":null}},"61":{"start":{"line":167,"column":10},"end":{"line":167,"column":null}},"62":{"start":{"line":168,"column":10},"end":{"line":173,"column":null}},"63":{"start":{"line":169,"column":12},"end":{"line":172,"column":null}},"64":{"start":{"line":174,"column":10},"end":{"line":174,"column":null}},"65":{"start":{"line":178,"column":4},"end":{"line":180,"column":null}},"66":{"start":{"line":179,"column":6},"end":{"line":179,"column":null}}},"fnMap":{"0":{"name":"(anonymous_0)","decl":{"start":{"line":19,"column":28},"end":{"line":19,"column":null}},"loc":{"start":{"line":23,"column":5},"end":{"line":63,"column":null}},"line":23},"1":{"name":"(anonymous_1)","decl":{"start":{"line":66,"column":29},"end":{"line":66,"column":null}},"loc":{"start":{"line":70,"column":5},"end":{"line":109,"column":null}},"line":70},"2":{"name":"(anonymous_2)","decl":{"start":{"line":112,"column":29},"end":{"line":112,"column":null}},"loc":{"start":{"line":116,"column":5},"end":{"line":182,"column":null}},"line":116},"3":{"name":"(anonymous_3)","decl":{"start":{"line":126,"column":35},"end":{"line":126,"column":51}},"loc":{"start":{"line":126,"column":51},"end":{"line":126,"column":53}},"line":126},"4":{"name":"(anonymous_4)","decl":{"start":{"line":140,"column":10},"end":{"line":140,"column":23}},"loc":{"start":{"line":141,"column":12},"end":{"line":141,"column":null}},"line":141},"5":{"name":"(anonymous_5)","decl":{"start":{"line":144,"column":10},"end":{"line":144,"column":19}},"loc":{"start":{"line":145,"column":8},"end":{"line":145,"column":null}},"line":145},"6":{"name":"(anonymous_6)","decl":{"start":{"line":147,"column":10},"end":{"line":147,"column":20}},"loc":{"start":{"line":147,"column":34},"end":{"line":153,"column":7}},"line":147},"7":{"name":"(anonymous_7)","decl":{"start":{"line":150,"column":20},"end":{"line":150,"column":36}},"loc":{"start":{"line":150,"column":36},"end":{"line":150,"column":38}},"line":150},"8":{"name":"(anonymous_8)","decl":{"start":{"line":154,"column":17},"end":{"line":154,"column":29}},"loc":{"start":{"line":154,"column":29},"end":{"line":176,"column":7}},"line":154},"9":{"name":"(anonymous_9)","decl":{"start":{"line":157,"column":20},"end":{"line":157,"column":31}},"loc":{"start":{"line":157,"column":39},"end":{"line":161,"column":11}},"line":157},"10":{"name":"(anonymous_10)","decl":{"start":{"line":167,"column":20},"end":{"line":167,"column":36}},"loc":{"start":{"line":167,"column":36},"end":{"line":167,"column":38}},"line":167}},"branchMap":{"0":{"loc":{"start":{"line":30,"column":34},"end":{"line":30,"column":null}},"type":"binary-expr","locations":[{"start":{"line":30,"column":34},"end":{"line":30,"column":68}},{"start":{"line":30,"column":68},"end":{"line":30,"column":null}}],"line":30},"1":{"loc":{"start":{"line":31,"column":33},"end":{"line":31,"column":null}},"type":"binary-expr","locations":[{"start":{"line":31,"column":33},"end":{"line":31,"column":66}},{"start":{"line":31,"column":66},"end":{"line":31,"column":null}}],"line":31},"2":{"loc":{"start":{"line":32,"column":22},"end":{"line":32,"column":null}},"type":"binary-expr","locations":[{"start":{"line":32,"column":22},"end":{"line":32,"column":51}},{"start":{"line":32,"column":51},"end":{"line":32,"column":null}}],"line":32},"3":{"loc":{"start":{"line":33,"column":24},"end":{"line":33,"column":null}},"type":"binary-expr","locations":[{"start":{"line":33,"column":24},"end":{"line":33,"column":54}},{"start":{"line":33,"column":54},"end":{"line":33,"column":null}}],"line":33},"4":{"loc":{"start":{"line":34,"column":23},"end":{"line":34,"column":null}},"type":"binary-expr","locations":[{"start":{"line":34,"column":23},"end":{"line":34,"column":53}},{"start":{"line":34,"column":53},"end":{"line":34,"column":null}}],"line":34},"5":{"loc":{"start":{"line":59,"column":4},"end":{"line":61,"column":null}},"type":"if","locations":[{"start":{"line":59,"column":4},"end":{"line":61,"column":null}},{"start":{},"end":{}}],"line":59},"6":{"loc":{"start":{"line":74,"column":4},"end":{"line":74,"column":null}},"type":"binary-expr","locations":[{"start":{"line":74,"column":4},"end":{"line":74,"column":32}},{"start":{"line":74,"column":32},"end":{"line":74,"column":null}}],"line":74},"7":{"loc":{"start":{"line":75,"column":2},"end":{"line":81,"column":null}},"type":"if","locations":[{"start":{"line":75,"column":2},"end":{"line":81,"column":null}},{"start":{},"end":{}}],"line":75},"8":{"loc":{"start":{"line":75,"column":6},"end":{"line":75,"column":50}},"type":"binary-expr","locations":[{"start":{"line":75,"column":6},"end":{"line":75,"column":18}},{"start":{"line":75,"column":18},"end":{"line":75,"column":50}}],"line":75},"9":{"loc":{"start":{"line":85,"column":4},"end":{"line":87,"column":null}},"type":"if","locations":[{"start":{"line":85,"column":4},"end":{"line":87,"column":null}},{"start":{},"end":{}}],"line":85},"10":{"loc":{"start":{"line":97,"column":24},"end":{"line":99,"column":null}},"type":"cond-expr","locations":[{"start":{"line":98,"column":10},"end":{"line":98,"column":null}},{"start":{"line":99,"column":10},"end":{"line":99,"column":null}}],"line":97},"11":{"loc":{"start":{"line":105,"column":4},"end":{"line":107,"column":null}},"type":"if","locations":[{"start":{"line":105,"column":4},"end":{"line":107,"column":null}},{"start":{},"end":{}}],"line":105},"12":{"loc":{"start":{"line":118,"column":4},"end":{"line":122,"column":null}},"type":"if","locations":[{"start":{"line":118,"column":4},"end":{"line":122,"column":null}},{"start":{},"end":{}}],"line":118},"13":{"loc":{"start":{"line":125,"column":4},"end":{"line":131,"column":null}},"type":"if","locations":[{"start":{"line":125,"column":4},"end":{"line":131,"column":null}},{"start":{},"end":{}}],"line":125},"14":{"loc":{"start":{"line":126,"column":6},"end":{"line":126,"column":null}},"type":"if","locations":[{"start":{"line":126,"column":6},"end":{"line":126,"column":null}},{"start":{},"end":{}}],"line":126},"15":{"loc":{"start":{"line":149,"column":8},"end":{"line":151,"column":null}},"type":"if","locations":[{"start":{"line":149,"column":8},"end":{"line":151,"column":null}},{"start":{},"end":{}}],"line":149},"16":{"loc":{"start":{"line":158,"column":12},"end":{"line":160,"column":null}},"type":"if","locations":[{"start":{"line":158,"column":12},"end":{"line":160,"column":null}},{"start":{},"end":{}}],"line":158},"17":{"loc":{"start":{"line":168,"column":10},"end":{"line":173,"column":null}},"type":"if","locations":[{"start":{"line":168,"column":10},"end":{"line":173,"column":null}},{"start":{},"end":{}}],"line":168},"18":{"loc":{"start":{"line":178,"column":4},"end":{"line":180,"column":null}},"type":"if","locations":[{"start":{"line":178,"column":4},"end":{"line":180,"column":null}},{"start":{},"end":{}}],"line":178}},"s":{"0":1,"1":0,"2":0,"3":0,"4":0,"5":0,"6":0,"7":0,"8":0,"9":0,"10":0,"11":0,"12":0,"13":0,"14":0,"15":1,"16":0,"17":0,"18":0,"19":0,"20":0,"21":0,"22":0,"23":0,"24":0,"25":0,"26":0,"27":0,"28":0,"29":0,"30":0,"31":0,"32":0,"33":0,"34":0,"35":1,"36":0,"37":0,"38":0,"39":0,"40":0,"41":0,"42":0,"43":0,"44":0,"45":0,"46":0,"47":0,"48":0,"49":0,"50":0,"51":0,"52":0,"53":0,"54":0,"55":0,"56":0,"57":0,"58":0,"59":0,"60":0,"61":0,"62":0,"63":0,"64":0,"65":0,"66":0},"f":{"0":0,"1":0,"2":0,"3":0,"4":0,"5":0,"6":0,"7":0,"8":0,"9":0,"10":0},"b":{"0":[0,0],"1":[0,0],"2":[0,0],"3":[0,0],"4":[0,0],"5":[0,0],"6":[0,0],"7":[0,0],"8":[0,0],"9":[0,0],"10":[0,0],"11":[0,0],"12":[0,0],"13":[0,0],"14":[0,0],"15":[0,0],"16":[0,0],"17":[0,0],"18":[0,0]},"meta":{"lastBranch":19,"lastFunction":11,"lastStatement":67,"seen":{"s:19:28:63:Infinity":0,"f:19:28:19:Infinity":0,"s:24:15:24:Infinity":1,"s:25:2:62:Infinity":2,"s:26:27:26:Infinity":3,"s:27:31:29:Infinity":4,"s:30:34:30:Infinity":5,"b:30:34:30:68:30:68:30:Infinity":0,"s:31:33:31:Infinity":6,"b:31:33:31:66:31:66:31:Infinity":1,"s:32:22:32:Infinity":7,"b:32:22:32:51:32:51:32:Infinity":2,"s:33:24:33:Infinity":8,"b:33:24:33:54:33:54:33:Infinity":3,"s:34:23:34:Infinity":9,"b:34:23:34:53:34:53:34:Infinity":4,"s:35:21:35:Infinity":10,"s:36:17:41:Infinity":11,"s:42:4:57:Infinity":12,"b:59:4:61:Infinity:undefined:undefined:undefined:undefined":5,"s:59:4:61:Infinity":13,"s:60:6:60:Infinity":14,"s:66:29:109:Infinity":15,"f:66:29:66:Infinity":1,"s:72:18:72:Infinity":16,"s:74:4:74:Infinity":17,"b:74:4:74:32:74:32:74:Infinity":6,"b:75:2:81:Infinity:undefined:undefined:undefined:undefined":7,"s:75:2:81:Infinity":18,"b:75:6:75:18:75:18:75:50":8,"s:76:4:80:Infinity":19,"s:82:15:82:Infinity":20,"s:83:2:108:Infinity":21,"s:84:23:84:Infinity":22,"b:85:4:87:Infinity:undefined:undefined:undefined:undefined":9,"s:85:4:87:Infinity":23,"s:86:6:86:Infinity":24,"s:88:4:88:Infinity":25,"s:89:4:92:Infinity":26,"s:93:4:95:Infinity":27,"s:96:4:102:Infinity":28,"s:97:24:99:Infinity":29,"b:98:10:98:Infinity:99:10:99:Infinity":10,"s:100:22:100:Infinity":30,"s:101:6:101:Infinity":31,"s:103:4:103:Infinity":32,"b:105:4:107:Infinity:undefined:undefined:undefined:undefined":11,"s:105:4:107:Infinity":33,"s:106:6:106:Infinity":34,"s:112:29:182:Infinity":35,"f:112:29:112:Infinity":2,"s:117:2:181:Infinity":36,"b:118:4:122:Infinity:undefined:undefined:undefined:undefined":12,"s:118:4:122:Infinity":37,"s:119:6:121:Infinity":38,"s:123:33:123:Infinity":39,"s:124:21:124:Infinity":40,"b:125:4:131:Infinity:undefined:undefined:undefined:undefined":13,"s:125:4:131:Infinity":41,"b:126:6:126:Infinity:undefined:undefined:undefined:undefined":14,"s:126:6:126:Infinity":42,"s:126:25:126:Infinity":43,"f:126:35:126:51":3,"s:127:6:130:Infinity":44,"s:132:62:132:Infinity":45,"s:133:19:133:Infinity":46,"s:134:23:134:Infinity":47,"s:135:4:176:Infinity":48,"f:140:10:140:23":4,"s:141:12:141:Infinity":49,"f:144:10:144:19":5,"s:145:8:145:Infinity":50,"f:147:10:147:20":6,"s:148:8:148:Infinity":51,"b:149:8:151:Infinity:undefined:undefined:undefined:undefined":15,"s:149:8:151:Infinity":52,"s:150:10:150:Infinity":53,"f:150:20:150:36":7,"s:152:8:152:Infinity":54,"f:154:17:154:29":8,"s:155:8:175:Infinity":55,"s:156:10:156:Infinity":56,"s:157:10:161:Infinity":57,"f:157:20:157:31":9,"b:158:12:160:Infinity:undefined:undefined:undefined:undefined":16,"s:158:12:160:Infinity":58,"s:159:14:159:Infinity":59,"s:162:10:165:Infinity":60,"s:167:10:167:Infinity":61,"f:167:20:167:36":10,"b:168:10:173:Infinity:undefined:undefined:undefined:undefined":17,"s:168:10:173:Infinity":62,"s:169:12:172:Infinity":63,"s:174:10:174:Infinity":64,"b:178:4:180:Infinity:undefined:undefined:undefined:undefined":18,"s:178:4:180:Infinity":65,"s:179:6:179:Infinity":66},"fnNames":{}}}
,"D:\\reactrps\\vite-project\\app\\express-controllers\\StatsController.ts": {"path":"D:\\reactrps\\vite-project\\app\\express-controllers\\StatsController.ts","statementMap":{"0":{"start":{"line":14,"column":26},"end":{"line":52,"column":null}},"1":{"start":{"line":19,"column":15},"end":{"line":19,"column":null}},"2":{"start":{"line":20,"column":2},"end":{"line":51,"column":null}},"3":{"start":{"line":21,"column":19},"end":{"line":23,"column":null}},"4":{"start":{"line":24,"column":4},"end":{"line":29,"column":null}},"5":{"start":{"line":25,"column":6},"end":{"line":28,"column":null}},"6":{"start":{"line":30,"column":4},"end":{"line":44,"column":null}},"7":{"start":{"line":45,"column":4},"end":{"line":48,"column":null}},"8":{"start":{"line":50,"column":4},"end":{"line":50,"column":null}},"9":{"start":{"line":55,"column":29},"end":{"line":137,"column":null}},"10":{"start":{"line":60,"column":15},"end":{"line":60,"column":null}},"11":{"start":{"line":61,"column":2},"end":{"line":65,"column":null}},"12":{"start":{"line":62,"column":4},"end":{"line":64,"column":null}},"13":{"start":{"line":66,"column":2},"end":{"line":136,"column":null}},"14":{"start":{"line":67,"column":23},"end":{"line":69,"column":null}},"15":{"start":{"line":70,"column":20},"end":{"line":73,"column":null}},"16":{"start":{"line":75,"column":8},"end":{"line":77,"column":null}},"17":{"start":{"line":80,"column":21},"end":{"line":83,"column":null}},"18":{"start":{"line":84,"column":24},"end":{"line":84,"column":null}},"19":{"start":{"line":85,"column":24},"end":{"line":85,"column":null}},"20":{"start":{"line":86,"column":23},"end":{"line":86,"column":null}},"21":{"start":{"line":86,"column":46},"end":{"line":86,"column":60}},"22":{"start":{"line":87,"column":22},"end":{"line":87,"column":null}},"23":{"start":{"line":87,"column":48},"end":{"line":87,"column":59}},"24":{"start":{"line":88,"column":8},"end":{"line":88,"column":null}},"25":{"start":{"line":89,"column":30},"end":{"line":91,"column":null}},"26":{"start":{"line":93,"column":6},"end":{"line":95,"column":null}},"27":{"start":{"line":98,"column":6},"end":{"line":100,"column":null}},"28":{"start":{"line":101,"column":23},"end":{"line":127,"column":null}},"29":{"start":{"line":128,"column":4},"end":{"line":133,"column":null}},"30":{"start":{"line":135,"column":4},"end":{"line":135,"column":null}}},"fnMap":{"0":{"name":"(anonymous_0)","decl":{"start":{"line":14,"column":26},"end":{"line":14,"column":null}},"loc":{"start":{"line":18,"column":5},"end":{"line":52,"column":null}},"line":18},"1":{"name":"(anonymous_1)","decl":{"start":{"line":55,"column":29},"end":{"line":55,"column":null}},"loc":{"start":{"line":59,"column":5},"end":{"line":137,"column":null}},"line":59},"2":{"name":"(anonymous_2)","decl":{"start":{"line":86,"column":32},"end":{"line":86,"column":37}},"loc":{"start":{"line":86,"column":46},"end":{"line":86,"column":60}},"line":86},"3":{"name":"(anonymous_3)","decl":{"start":{"line":87,"column":34},"end":{"line":87,"column":39}},"loc":{"start":{"line":87,"column":48},"end":{"line":87,"column":59}},"line":87}},"branchMap":{"0":{"loc":{"start":{"line":24,"column":4},"end":{"line":29,"column":null}},"type":"if","locations":[{"start":{"line":24,"column":4},"end":{"line":29,"column":null}},{"start":{},"end":{}}],"line":24},"1":{"loc":{"start":{"line":61,"column":2},"end":{"line":65,"column":null}},"type":"if","locations":[{"start":{"line":61,"column":2},"end":{"line":65,"column":null}},{"start":{},"end":{}}],"line":61},"2":{"loc":{"start":{"line":76,"column":6},"end":{"line":76,"column":61}},"type":"cond-expr","locations":[{"start":{"line":76,"column":26},"end":{"line":76,"column":60}},{"start":{"line":76,"column":60},"end":{"line":76,"column":61}}],"line":76},"3":{"loc":{"start":{"line":85,"column":29},"end":{"line":85,"column":44}},"type":"binary-expr","locations":[{"start":{"line":85,"column":29},"end":{"line":85,"column":41}},{"start":{"line":85,"column":41},"end":{"line":85,"column":44}}],"line":85},"4":{"loc":{"start":{"line":93,"column":6},"end":{"line":95,"column":null}},"type":"cond-expr","locations":[{"start":{"line":94,"column":10},"end":{"line":94,"column":null}},{"start":{"line":95,"column":10},"end":{"line":95,"column":null}}],"line":93},"5":{"loc":{"start":{"line":98,"column":6},"end":{"line":100,"column":null}},"type":"cond-expr","locations":[{"start":{"line":99,"column":10},"end":{"line":99,"column":null}},{"start":{"line":100,"column":10},"end":{"line":100,"column":null}}],"line":98}},"s":{"0":1,"1":0,"2":0,"3":0,"4":0,"5":0,"6":0,"7":0,"8":0,"9":1,"10":0,"11":0,"12":0,"13":0,"14":0,"15":0,"16":0,"17":0,"18":0,"19":0,"20":0,"21":0,"22":0,"23":0,"24":0,"25":0,"26":0,"27":0,"28":0,"29":0,"30":0},"f":{"0":0,"1":0,"2":0,"3":0},"b":{"0":[0,0],"1":[0,0],"2":[0,0],"3":[0,0],"4":[0,0],"5":[0,0]},"meta":{"lastBranch":6,"lastFunction":4,"lastStatement":31,"seen":{"s:14:26:52:Infinity":0,"f:14:26:14:Infinity":0,"s:19:15:19:Infinity":1,"s:20:2:51:Infinity":2,"s:21:19:23:Infinity":3,"b:24:4:29:Infinity:undefined:undefined:undefined:undefined":0,"s:24:4:29:Infinity":4,"s:25:6:28:Infinity":5,"s:30:4:44:Infinity":6,"s:45:4:48:Infinity":7,"s:50:4:50:Infinity":8,"s:55:29:137:Infinity":9,"f:55:29:55:Infinity":1,"s:60:15:60:Infinity":10,"b:61:2:65:Infinity:undefined:undefined:undefined:undefined":1,"s:61:2:65:Infinity":11,"s:62:4:64:Infinity":12,"s:66:2:136:Infinity":13,"s:67:23:69:Infinity":14,"s:70:20:73:Infinity":15,"s:75:8:77:Infinity":16,"b:76:26:76:60:76:60:76:61":2,"s:80:21:83:Infinity":17,"s:84:24:84:Infinity":18,"s:85:24:85:Infinity":19,"b:85:29:85:41:85:41:85:44":3,"s:86:23:86:Infinity":20,"f:86:32:86:37":2,"s:86:46:86:60":21,"s:87:22:87:Infinity":22,"f:87:34:87:39":3,"s:87:48:87:59":23,"s:88:8:88:Infinity":24,"s:89:30:91:Infinity":25,"s:93:6:95:Infinity":26,"b:94:10:94:Infinity:95:10:95:Infinity":4,"s:98:6:100:Infinity":27,"b:99:10:99:Infinity:100:10:100:Infinity":5,"s:101:23:127:Infinity":28,"s:128:4:133:Infinity":29,"s:135:4:135:Infinity":30},"fnNames":{}}}
,"D:\\reactrps\\vite-project\\app\\express-routers\\authRouter.ts": {"path":"D:\\reactrps\\vite-project\\app\\express-routers\\authRouter.ts","statementMap":{"0":{"start":{"line":27,"column":6},"end":{"line":27,"column":null}},"1":{"start":{"line":28,"column":26},"end":{"line":28,"column":null}},"2":{"start":{"line":32,"column":0},"end":{"line":107,"column":null}},"3":{"start":{"line":40,"column":4},"end":{"line":105,"column":null}},"4":{"start":{"line":41,"column":6},"end":{"line":45,"column":null}},"5":{"start":{"line":42,"column":8},"end":{"line":44,"column":null}},"6":{"start":{"line":46,"column":21},"end":{"line":46,"column":null}},"7":{"start":{"line":47,"column":25},"end":{"line":47,"column":null}},"8":{"start":{"line":48,"column":32},"end":{"line":48,"column":null}},"9":{"start":{"line":49,"column":6},"end":{"line":54,"column":null}},"10":{"start":{"line":50,"column":8},"end":{"line":53,"column":null}},"11":{"start":{"line":56,"column":6},"end":{"line":61,"column":null}},"12":{"start":{"line":57,"column":8},"end":{"line":60,"column":null}},"13":{"start":{"line":62,"column":23},"end":{"line":62,"column":null}},"14":{"start":{"line":63,"column":23},"end":{"line":63,"column":null}},"15":{"start":{"line":64,"column":42},"end":{"line":64,"column":null}},"16":{"start":{"line":65,"column":30},"end":{"line":67,"column":null}},"17":{"start":{"line":68,"column":6},"end":{"line":76,"column":null}},"18":{"start":{"line":69,"column":8},"end":{"line":75,"column":null}},"19":{"start":{"line":77,"column":17},"end":{"line":77,"column":null}},"20":{"start":{"line":78,"column":29},"end":{"line":78,"column":null}},"21":{"start":{"line":79,"column":19},"end":{"line":88,"column":null}},"22":{"start":{"line":89,"column":6},"end":{"line":89,"column":null}},"23":{"start":{"line":90,"column":17},"end":{"line":90,"column":null}},"24":{"start":{"line":91,"column":6},"end":{"line":91,"column":null}},"25":{"start":{"line":92,"column":6},"end":{"line":102,"column":null}},"26":{"start":{"line":104,"column":6},"end":{"line":104,"column":null}},"27":{"start":{"line":110,"column":0},"end":{"line":110,"column":null}},"28":{"start":{"line":113,"column":0},"end":{"line":113,"column":null}},"29":{"start":{"line":116,"column":0},"end":{"line":120,"column":null}},"30":{"start":{"line":123,"column":0},"end":{"line":123,"column":null}},"31":{"start":{"line":126,"column":0},"end":{"line":126,"column":null}}},"fnMap":{"0":{"name":"(anonymous_0)","decl":{"start":{"line":35,"column":2},"end":{"line":35,"column":null}},"loc":{"start":{"line":39,"column":7},"end":{"line":106,"column":null}},"line":39}},"branchMap":{"0":{"loc":{"start":{"line":41,"column":6},"end":{"line":45,"column":null}},"type":"if","locations":[{"start":{"line":41,"column":6},"end":{"line":45,"column":null}},{"start":{},"end":{}}],"line":41},"1":{"loc":{"start":{"line":49,"column":6},"end":{"line":54,"column":null}},"type":"if","locations":[{"start":{"line":49,"column":6},"end":{"line":54,"column":null}},{"start":{},"end":{}}],"line":49},"2":{"loc":{"start":{"line":56,"column":6},"end":{"line":61,"column":null}},"type":"if","locations":[{"start":{"line":56,"column":6},"end":{"line":61,"column":null}},{"start":{},"end":{}}],"line":56},"3":{"loc":{"start":{"line":68,"column":6},"end":{"line":76,"column":null}},"type":"if","locations":[{"start":{"line":68,"column":6},"end":{"line":76,"column":null}},{"start":{},"end":{}}],"line":68}},"s":{"0":1,"1":1,"2":1,"3":0,"4":0,"5":0,"6":0,"7":0,"8":0,"9":0,"10":0,"11":0,"12":0,"13":0,"14":0,"15":0,"16":0,"17":0,"18":0,"19":0,"20":0,"21":0,"22":0,"23":0,"24":0,"25":0,"26":0,"27":1,"28":1,"29":1,"30":1,"31":1},"f":{"0":0},"b":{"0":[0,0],"1":[0,0],"2":[0,0],"3":[0,0]},"meta":{"lastBranch":4,"lastFunction":1,"lastStatement":32,"seen":{"s:27:6:27:Infinity":0,"s:28:26:28:Infinity":1,"s:32:0:107:Infinity":2,"f:35:2:35:Infinity":0,"s:40:4:105:Infinity":3,"b:41:6:45:Infinity:undefined:undefined:undefined:undefined":0,"s:41:6:45:Infinity":4,"s:42:8:44:Infinity":5,"s:46:21:46:Infinity":6,"s:47:25:47:Infinity":7,"s:48:32:48:Infinity":8,"b:49:6:54:Infinity:undefined:undefined:undefined:undefined":1,"s:49:6:54:Infinity":9,"s:50:8:53:Infinity":10,"b:56:6:61:Infinity:undefined:undefined:undefined:undefined":2,"s:56:6:61:Infinity":11,"s:57:8:60:Infinity":12,"s:62:23:62:Infinity":13,"s:63:23:63:Infinity":14,"s:64:42:64:Infinity":15,"s:65:30:67:Infinity":16,"b:68:6:76:Infinity:undefined:undefined:undefined:undefined":3,"s:68:6:76:Infinity":17,"s:69:8:75:Infinity":18,"s:77:17:77:Infinity":19,"s:78:29:78:Infinity":20,"s:79:19:88:Infinity":21,"s:89:6:89:Infinity":22,"s:90:17:90:Infinity":23,"s:91:6:91:Infinity":24,"s:92:6:102:Infinity":25,"s:104:6:104:Infinity":26,"s:110:0:110:Infinity":27,"s:113:0:113:Infinity":28,"s:116:0:120:Infinity":29,"s:123:0:123:Infinity":30,"s:126:0:126:Infinity":31},"fnNames":{}}}
,"D:\\reactrps\\vite-project\\app\\express-routers\\matchRouter.ts": {"path":"D:\\reactrps\\vite-project\\app\\express-routers\\matchRouter.ts","statementMap":{"0":{"start":{"line":19,"column":6},"end":{"line":24,"column":null}},"1":{"start":{"line":25,"column":27},"end":{"line":25,"column":null}},"2":{"start":{"line":28,"column":0},"end":{"line":53,"column":null}},"3":{"start":{"line":32,"column":17},"end":{"line":32,"column":null}},"4":{"start":{"line":33,"column":4},"end":{"line":51,"column":null}},"5":{"start":{"line":34,"column":25},"end":{"line":36,"column":null}},"6":{"start":{"line":37,"column":6},"end":{"line":43,"column":null}},"7":{"start":{"line":38,"column":8},"end":{"line":42,"column":null}},"8":{"start":{"line":44,"column":6},"end":{"line":48,"column":null}},"9":{"start":{"line":50,"column":6},"end":{"line":50,"column":null}},"10":{"start":{"line":56,"column":0},"end":{"line":56,"column":null}},"11":{"start":{"line":59,"column":0},"end":{"line":59,"column":null}},"12":{"start":{"line":62,"column":0},"end":{"line":67,"column":null}},"13":{"start":{"line":70,"column":0},"end":{"line":70,"column":null}},"14":{"start":{"line":73,"column":0},"end":{"line":73,"column":null}}},"fnMap":{"0":{"name":"(anonymous_0)","decl":{"start":{"line":31,"column":2},"end":{"line":31,"column":9}},"loc":{"start":{"line":31,"column":61},"end":{"line":52,"column":null}},"line":31}},"branchMap":{"0":{"loc":{"start":{"line":37,"column":6},"end":{"line":43,"column":null}},"type":"if","locations":[{"start":{"line":37,"column":6},"end":{"line":43,"column":null}},{"start":{},"end":{}}],"line":37}},"s":{"0":1,"1":1,"2":1,"3":0,"4":0,"5":0,"6":0,"7":0,"8":0,"9":0,"10":1,"11":1,"12":1,"13":1,"14":1},"f":{"0":0},"b":{"0":[0,0]},"meta":{"lastBranch":1,"lastFunction":1,"lastStatement":15,"seen":{"s:19:6:24:Infinity":0,"s:25:27:25:Infinity":1,"s:28:0:53:Infinity":2,"f:31:2:31:9":0,"s:32:17:32:Infinity":3,"s:33:4:51:Infinity":4,"s:34:25:36:Infinity":5,"b:37:6:43:Infinity:undefined:undefined:undefined:undefined":0,"s:37:6:43:Infinity":6,"s:38:8:42:Infinity":7,"s:44:6:48:Infinity":8,"s:50:6:50:Infinity":9,"s:56:0:56:Infinity":10,"s:59:0:59:Infinity":11,"s:62:0:67:Infinity":12,"s:70:0:70:Infinity":13,"s:73:0:73:Infinity":14},"fnNames":{}}}
,"D:\\reactrps\\vite-project\\app\\express-routers\\profileRouter.ts": {"path":"D:\\reactrps\\vite-project\\app\\express-routers\\profileRouter.ts","statementMap":{"0":{"start":{"line":11,"column":6},"end":{"line":11,"column":null}},"1":{"start":{"line":12,"column":29},"end":{"line":12,"column":null}},"2":{"start":{"line":15,"column":0},"end":{"line":42,"column":null}},"3":{"start":{"line":19,"column":4},"end":{"line":40,"column":null}},"4":{"start":{"line":20,"column":15},"end":{"line":20,"column":null}},"5":{"start":{"line":21,"column":22},"end":{"line":21,"column":null}},"6":{"start":{"line":22,"column":6},"end":{"line":27,"column":null}},"7":{"start":{"line":23,"column":8},"end":{"line":26,"column":null}},"8":{"start":{"line":28,"column":17},"end":{"line":34,"column":null}},"9":{"start":{"line":35,"column":6},"end":{"line":37,"column":null}},"10":{"start":{"line":39,"column":6},"end":{"line":39,"column":null}},"11":{"start":{"line":45,"column":0},"end":{"line":99,"column":null}},"12":{"start":{"line":50,"column":13},"end":{"line":50,"column":null}},"13":{"start":{"line":51,"column":42},"end":{"line":51,"column":null}},"14":{"start":{"line":56,"column":30},"end":{"line":60,"column":null}},"15":{"start":{"line":61,"column":4},"end":{"line":67,"column":null}},"16":{"start":{"line":62,"column":6},"end":{"line":66,"column":null}},"17":{"start":{"line":68,"column":4},"end":{"line":97,"column":null}},"18":{"start":{"line":69,"column":22},"end":{"line":69,"column":null}},"19":{"start":{"line":70,"column":6},"end":{"line":75,"column":null}},"20":{"start":{"line":71,"column":8},"end":{"line":74,"column":null}},"21":{"start":{"line":76,"column":23},"end":{"line":76,"column":null}},"22":{"start":{"line":82,"column":6},"end":{"line":86,"column":null}},"23":{"start":{"line":83,"column":21},"end":{"line":83,"column":null}},"24":{"start":{"line":84,"column":28},"end":{"line":84,"column":null}},"25":{"start":{"line":85,"column":8},"end":{"line":85,"column":null}},"26":{"start":{"line":87,"column":6},"end":{"line":89,"column":null}},"27":{"start":{"line":88,"column":8},"end":{"line":88,"column":null}},"28":{"start":{"line":90,"column":6},"end":{"line":90,"column":null}},"29":{"start":{"line":91,"column":6},"end":{"line":94,"column":null}},"30":{"start":{"line":96,"column":6},"end":{"line":96,"column":null}},"31":{"start":{"line":102,"column":0},"end":{"line":124,"column":null}},"32":{"start":{"line":106,"column":4},"end":{"line":122,"column":null}},"33":{"start":{"line":107,"column":15},"end":{"line":107,"column":null}},"34":{"start":{"line":108,"column":22},"end":{"line":108,"column":null}},"35":{"start":{"line":109,"column":6},"end":{"line":114,"column":null}},"36":{"start":{"line":110,"column":8},"end":{"line":113,"column":null}},"37":{"start":{"line":115,"column":6},"end":{"line":115,"column":null}},"38":{"start":{"line":116,"column":6},"end":{"line":116,"column":null}},"39":{"start":{"line":117,"column":6},"end":{"line":119,"column":null}},"40":{"start":{"line":121,"column":6},"end":{"line":121,"column":null}}},"fnMap":{"0":{"name":"(anonymous_0)","decl":{"start":{"line":18,"column":2},"end":{"line":18,"column":9}},"loc":{"start":{"line":18,"column":61},"end":{"line":41,"column":null}},"line":18},"1":{"name":"(anonymous_1)","decl":{"start":{"line":49,"column":2},"end":{"line":49,"column":9}},"loc":{"start":{"line":49,"column":61},"end":{"line":98,"column":null}},"line":49},"2":{"name":"(anonymous_2)","decl":{"start":{"line":105,"column":2},"end":{"line":105,"column":9}},"loc":{"start":{"line":105,"column":61},"end":{"line":123,"column":null}},"line":105}},"branchMap":{"0":{"loc":{"start":{"line":22,"column":6},"end":{"line":27,"column":null}},"type":"if","locations":[{"start":{"line":22,"column":6},"end":{"line":27,"column":null}},{"start":{},"end":{}}],"line":22},"1":{"loc":{"start":{"line":32,"column":19},"end":{"line":32,"column":null}},"type":"binary-expr","locations":[{"start":{"line":32,"column":19},"end":{"line":32,"column":42}},{"start":{"line":32,"column":42},"end":{"line":32,"column":null}}],"line":32},"2":{"loc":{"start":{"line":61,"column":4},"end":{"line":67,"column":null}},"type":"if","locations":[{"start":{"line":61,"column":4},"end":{"line":67,"column":null}},{"start":{},"end":{}}],"line":61},"3":{"loc":{"start":{"line":70,"column":6},"end":{"line":75,"column":null}},"type":"if","locations":[{"start":{"line":70,"column":6},"end":{"line":75,"column":null}},{"start":{},"end":{}}],"line":70},"4":{"loc":{"start":{"line":82,"column":6},"end":{"line":86,"column":null}},"type":"if","locations":[{"start":{"line":82,"column":6},"end":{"line":86,"column":null}},{"start":{},"end":{}}],"line":82},"5":{"loc":{"start":{"line":82,"column":10},"end":{"line":82,"column":50}},"type":"binary-expr","locations":[{"start":{"line":82,"column":10},"end":{"line":82,"column":22}},{"start":{"line":82,"column":22},"end":{"line":82,"column":50}}],"line":82},"6":{"loc":{"start":{"line":87,"column":6},"end":{"line":89,"column":null}},"type":"if","locations":[{"start":{"line":87,"column":6},"end":{"line":89,"column":null}},{"start":{},"end":{}}],"line":87},"7":{"loc":{"start":{"line":109,"column":6},"end":{"line":114,"column":null}},"type":"if","locations":[{"start":{"line":109,"column":6},"end":{"line":114,"column":null}},{"start":{},"end":{}}],"line":109}},"s":{"0":1,"1":1,"2":1,"3":1,"4":1,"5":1,"6":1,"7":0,"8":1,"9":1,"10":0,"11":1,"12":3,"13":3,"14":3,"15":3,"16":1,"17":2,"18":2,"19":2,"20":1,"21":1,"22":1,"23":1,"24":1,"25":1,"26":1,"27":1,"28":1,"29":1,"30":0,"31":1,"32":0,"33":0,"34":0,"35":0,"36":0,"37":0,"38":0,"39":0,"40":0},"f":{"0":1,"1":3,"2":0},"b":{"0":[0,1],"1":[1,1],"2":[1,2],"3":[1,1],"4":[1,0],"5":[1,1],"6":[1,0],"7":[0,0]},"meta":{"lastBranch":8,"lastFunction":3,"lastStatement":41,"seen":{"s:11:6:11:Infinity":0,"s:12:29:12:Infinity":1,"s:15:0:42:Infinity":2,"f:18:2:18:9":0,"s:19:4:40:Infinity":3,"s:20:15:20:Infinity":4,"s:21:22:21:Infinity":5,"b:22:6:27:Infinity:undefined:undefined:undefined:undefined":0,"s:22:6:27:Infinity":6,"s:23:8:26:Infinity":7,"s:28:17:34:Infinity":8,"b:32:19:32:42:32:42:32:Infinity":1,"s:35:6:37:Infinity":9,"s:39:6:39:Infinity":10,"s:45:0:99:Infinity":11,"f:49:2:49:9":1,"s:50:13:50:Infinity":12,"s:51:42:51:Infinity":13,"s:56:30:60:Infinity":14,"b:61:4:67:Infinity:undefined:undefined:undefined:undefined":2,"s:61:4:67:Infinity":15,"s:62:6:66:Infinity":16,"s:68:4:97:Infinity":17,"s:69:22:69:Infinity":18,"b:70:6:75:Infinity:undefined:undefined:undefined:undefined":3,"s:70:6:75:Infinity":19,"s:71:8:74:Infinity":20,"s:76:23:76:Infinity":21,"b:82:6:86:Infinity:undefined:undefined:undefined:undefined":4,"s:82:6:86:Infinity":22,"b:82:10:82:22:82:22:82:50":5,"s:83:21:83:Infinity":23,"s:84:28:84:Infinity":24,"s:85:8:85:Infinity":25,"b:87:6:89:Infinity:undefined:undefined:undefined:undefined":6,"s:87:6:89:Infinity":26,"s:88:8:88:Infinity":27,"s:90:6:90:Infinity":28,"s:91:6:94:Infinity":29,"s:96:6:96:Infinity":30,"s:102:0:124:Infinity":31,"f:105:2:105:9":2,"s:106:4:122:Infinity":32,"s:107:15:107:Infinity":33,"s:108:22:108:Infinity":34,"b:109:6:114:Infinity:undefined:undefined:undefined:undefined":7,"s:109:6:114:Infinity":35,"s:110:8:113:Infinity":36,"s:115:6:115:Infinity":37,"s:116:6:116:Infinity":38,"s:117:6:119:Infinity":39,"s:121:6:121:Infinity":40},"fnNames":{}}}
,"D:\\reactrps\\vite-project\\app\\express-routers\\scoreRouter.ts": {"path":"D:\\reactrps\\vite-project\\app\\express-routers\\scoreRouter.ts","statementMap":{"0":{"start":{"line":12,"column":27},"end":{"line":12,"column":null}},"1":{"start":{"line":15,"column":0},"end":{"line":42,"column":null}},"2":{"start":{"line":19,"column":4},"end":{"line":40,"column":null}},"3":{"start":{"line":20,"column":15},"end":{"line":20,"column":null}},"4":{"start":{"line":21,"column":22},"end":{"line":23,"column":null}},"5":{"start":{"line":24,"column":6},"end":{"line":29,"column":null}},"6":{"start":{"line":25,"column":8},"end":{"line":28,"column":null}},"7":{"start":{"line":30,"column":6},"end":{"line":37,"column":null}},"8":{"start":{"line":39,"column":6},"end":{"line":39,"column":null}},"9":{"start":{"line":45,"column":0},"end":{"line":109,"column":null}},"10":{"start":{"line":53,"column":13},"end":{"line":53,"column":null}},"11":{"start":{"line":54,"column":4},"end":{"line":107,"column":null}},"12":{"start":{"line":55,"column":22},"end":{"line":57,"column":null}},"13":{"start":{"line":58,"column":6},"end":{"line":63,"column":null}},"14":{"start":{"line":59,"column":8},"end":{"line":62,"column":null}},"15":{"start":{"line":65,"column":8},"end":{"line":65,"column":null}},"16":{"start":{"line":66,"column":6},"end":{"line":77,"column":null}},"17":{"start":{"line":73,"column":8},"end":{"line":76,"column":null}},"18":{"start":{"line":78,"column":6},"end":{"line":78,"column":null}},"19":{"start":{"line":81,"column":6},"end":{"line":81,"column":null}},"20":{"start":{"line":83,"column":26},"end":{"line":83,"column":null}},"21":{"start":{"line":85,"column":20},"end":{"line":92,"column":null}},"22":{"start":{"line":93,"column":6},"end":{"line":93,"column":null}},"23":{"start":{"line":94,"column":6},"end":{"line":104,"column":null}},"24":{"start":{"line":106,"column":6},"end":{"line":106,"column":null}}},"fnMap":{"0":{"name":"(anonymous_0)","decl":{"start":{"line":18,"column":2},"end":{"line":18,"column":9}},"loc":{"start":{"line":18,"column":61},"end":{"line":41,"column":null}},"line":18},"1":{"name":"(anonymous_1)","decl":{"start":{"line":48,"column":2},"end":{"line":48,"column":null}},"loc":{"start":{"line":52,"column":7},"end":{"line":108,"column":null}},"line":52}},"branchMap":{"0":{"loc":{"start":{"line":24,"column":6},"end":{"line":29,"column":null}},"type":"if","locations":[{"start":{"line":24,"column":6},"end":{"line":29,"column":null}},{"start":{},"end":{}}],"line":24},"1":{"loc":{"start":{"line":58,"column":6},"end":{"line":63,"column":null}},"type":"if","locations":[{"start":{"line":58,"column":6},"end":{"line":63,"column":null}},{"start":{},"end":{}}],"line":58},"2":{"loc":{"start":{"line":66,"column":6},"end":{"line":77,"column":null}},"type":"if","locations":[{"start":{"line":66,"column":6},"end":{"line":77,"column":null}},{"start":{},"end":{}}],"line":66},"3":{"loc":{"start":{"line":67,"column":8},"end":{"line":71,"column":null}},"type":"binary-expr","locations":[{"start":{"line":67,"column":8},"end":{"line":67,"column":null}},{"start":{"line":68,"column":8},"end":{"line":68,"column":null}},{"start":{"line":69,"column":8},"end":{"line":69,"column":null}},{"start":{"line":70,"column":8},"end":{"line":70,"column":null}},{"start":{"line":71,"column":8},"end":{"line":71,"column":null}}],"line":67}},"s":{"0":1,"1":1,"2":0,"3":0,"4":0,"5":0,"6":0,"7":0,"8":0,"9":1,"10":0,"11":0,"12":0,"13":0,"14":0,"15":0,"16":0,"17":0,"18":0,"19":0,"20":0,"21":0,"22":0,"23":0,"24":0},"f":{"0":0,"1":0},"b":{"0":[0,0],"1":[0,0],"2":[0,0],"3":[0,0,0,0,0]},"meta":{"lastBranch":4,"lastFunction":2,"lastStatement":25,"seen":{"s:12:27:12:Infinity":0,"s:15:0:42:Infinity":1,"f:18:2:18:9":0,"s:19:4:40:Infinity":2,"s:20:15:20:Infinity":3,"s:21:22:23:Infinity":4,"b:24:6:29:Infinity:undefined:undefined:undefined:undefined":0,"s:24:6:29:Infinity":5,"s:25:8:28:Infinity":6,"s:30:6:37:Infinity":7,"s:39:6:39:Infinity":8,"s:45:0:109:Infinity":9,"f:48:2:48:Infinity":1,"s:53:13:53:Infinity":10,"s:54:4:107:Infinity":11,"s:55:22:57:Infinity":12,"b:58:6:63:Infinity:undefined:undefined:undefined:undefined":1,"s:58:6:63:Infinity":13,"s:59:8:62:Infinity":14,"s:65:8:65:Infinity":15,"b:66:6:77:Infinity:undefined:undefined:undefined:undefined":2,"s:66:6:77:Infinity":16,"b:67:8:67:Infinity:68:8:68:Infinity:69:8:69:Infinity:70:8:70:Infinity:71:8:71:Infinity":3,"s:73:8:76:Infinity":17,"s:78:6:78:Infinity":18,"s:81:6:81:Infinity":19,"s:83:26:83:Infinity":20,"s:85:20:92:Infinity":21,"s:93:6:93:Infinity":22,"s:94:6:104:Infinity":23,"s:106:6:106:Infinity":24},"fnNames":{}}}
,"D:\\reactrps\\vite-project\\app\\middlewares\\authMiddleware.ts": {"path":"D:\\reactrps\\vite-project\\app\\middlewares\\authMiddleware.ts","statementMap":{"0":{"start":{"line":10,"column":13},"end":{"line":38,"column":null}},"1":{"start":{"line":15,"column":16},"end":{"line":15,"column":null}},"2":{"start":{"line":16,"column":2},"end":{"line":20,"column":null}},"3":{"start":{"line":17,"column":4},"end":{"line":19,"column":null}},"4":{"start":{"line":21,"column":20},"end":{"line":21,"column":null}},"5":{"start":{"line":22,"column":2},"end":{"line":28,"column":null}},"6":{"start":{"line":23,"column":4},"end":{"line":27,"column":null}},"7":{"start":{"line":29,"column":2},"end":{"line":37,"column":null}},"8":{"start":{"line":30,"column":20},"end":{"line":30,"column":null}},"9":{"start":{"line":31,"column":5},"end":{"line":31,"column":null}},"10":{"start":{"line":32,"column":4},"end":{"line":32,"column":null}},"11":{"start":{"line":34,"column":4},"end":{"line":36,"column":null}}},"fnMap":{"0":{"name":"(anonymous_0)","decl":{"start":{"line":10,"column":13},"end":{"line":10,"column":null}},"loc":{"start":{"line":14,"column":5},"end":{"line":38,"column":null}},"line":14}},"branchMap":{"0":{"loc":{"start":{"line":16,"column":2},"end":{"line":20,"column":null}},"type":"if","locations":[{"start":{"line":16,"column":2},"end":{"line":20,"column":null}},{"start":{},"end":{}}],"line":16},"1":{"loc":{"start":{"line":22,"column":2},"end":{"line":28,"column":null}},"type":"if","locations":[{"start":{"line":22,"column":2},"end":{"line":28,"column":null}},{"start":{},"end":{}}],"line":22}},"s":{"0":1,"1":5,"2":5,"3":1,"4":4,"5":4,"6":0,"7":4,"8":4,"9":4,"10":4,"11":0},"f":{"0":5},"b":{"0":[1,4],"1":[0,4]},"meta":{"lastBranch":2,"lastFunction":1,"lastStatement":12,"seen":{"s:10:13:38:Infinity":0,"f:10:13:10:Infinity":0,"s:15:16:15:Infinity":1,"b:16:2:20:Infinity:undefined:undefined:undefined:undefined":0,"s:16:2:20:Infinity":2,"s:17:4:19:Infinity":3,"s:21:20:21:Infinity":4,"b:22:2:28:Infinity:undefined:undefined:undefined:undefined":1,"s:22:2:28:Infinity":5,"s:23:4:27:Infinity":6,"s:29:2:37:Infinity":7,"s:30:20:30:Infinity":8,"s:31:5:31:Infinity":9,"s:32:4:32:Infinity":10,"s:34:4:36:Infinity":11},"fnNames":{}}}
,"D:\\reactrps\\vite-project\\app\\mongo-aggregations\\aggregation-pipeline.ts": {"path":"D:\\reactrps\\vite-project\\app\\mongo-aggregations\\aggregation-pipeline.ts","statementMap":{"0":{"start":{"line":6,"column":13},"end":{"line":62,"column":null}},"1":{"start":{"line":8,"column":22},"end":{"line":62,"column":null}},"2":{"start":{"line":65,"column":13},"end":{"line":107,"column":null}},"3":{"start":{"line":65,"column":67},"end":{"line":107,"column":null}}},"fnMap":{"0":{"name":"(anonymous_0)","decl":{"start":{"line":6,"column":13},"end":{"line":6,"column":null}},"loc":{"start":{"line":8,"column":22},"end":{"line":62,"column":null}},"line":8},"1":{"name":"(anonymous_1)","decl":{"start":{"line":65,"column":13},"end":{"line":65,"column":31}},"loc":{"start":{"line":65,"column":67},"end":{"line":107,"column":null}},"line":65}},"branchMap":{},"s":{"0":1,"1":0,"2":1,"3":0},"f":{"0":0,"1":0},"b":{},"meta":{"lastBranch":0,"lastFunction":2,"lastStatement":4,"seen":{"s:6:13:62:Infinity":0,"f:6:13:6:Infinity":0,"s:8:22:62:Infinity":1,"s:65:13:107:Infinity":2,"f:65:13:65:31":1,"s:65:67:107:Infinity":3},"fnNames":{}}}
,"D:\\reactrps\\vite-project\\app\\register\\index.tsx": {"path":"D:\\reactrps\\vite-project\\app\\register\\index.tsx","statementMap":{"0":{"start":{"line":16,"column":2},"end":{"line":16,"column":null}},"1":{"start":{"line":20,"column":19},"end":{"line":20,"column":null}},"2":{"start":{"line":21,"column":19},"end":{"line":21,"column":null}},"3":{"start":{"line":22,"column":16},"end":{"line":22,"column":null}},"4":{"start":{"line":23,"column":19},"end":{"line":23,"column":null}},"5":{"start":{"line":24,"column":26},"end":{"line":24,"column":null}},"6":{"start":{"line":25,"column":21},"end":{"line":25,"column":null}},"7":{"start":{"line":29,"column":6},"end":{"line":35,"column":null}},"8":{"start":{"line":36,"column":2},"end":{"line":38,"column":null}},"9":{"start":{"line":37,"column":4},"end":{"line":37,"column":null}},"10":{"start":{"line":41,"column":4},"end":{"line":41,"column":null}},"11":{"start":{"line":43,"column":17},"end":{"line":46,"column":null}},"12":{"start":{"line":47,"column":2},"end":{"line":51,"column":null}},"13":{"start":{"line":48,"column":4},"end":{"line":50,"column":null}},"14":{"start":{"line":52,"column":2},"end":{"line":52,"column":null}},"15":{"start":{"line":57,"column":2},"end":{"line":180,"column":null}}},"fnMap":{"0":{"name":"loader","decl":{"start":{"line":14,"column":22},"end":{"line":14,"column":29}},"loc":{"start":{"line":14,"column":60},"end":{"line":17,"column":null}},"line":14},"1":{"name":"action","decl":{"start":{"line":19,"column":22},"end":{"line":19,"column":29}},"loc":{"start":{"line":19,"column":60},"end":{"line":53,"column":null}},"line":19},"2":{"name":"RegisterPage","decl":{"start":{"line":54,"column":24},"end":{"line":54,"column":37}},"loc":{"start":{"line":56,"column":25},"end":{"line":182,"column":null}},"line":56}},"branchMap":{"0":{"loc":{"start":{"line":36,"column":2},"end":{"line":38,"column":null}},"type":"if","locations":[{"start":{"line":36,"column":2},"end":{"line":38,"column":null}},{"start":{},"end":{}}],"line":36},"1":{"loc":{"start":{"line":41,"column":4},"end":{"line":41,"column":null}},"type":"binary-expr","locations":[{"start":{"line":41,"column":4},"end":{"line":41,"column":36}},{"start":{"line":41,"column":36},"end":{"line":41,"column":null}}],"line":41},"2":{"loc":{"start":{"line":47,"column":2},"end":{"line":51,"column":null}},"type":"if","locations":[{"start":{"line":47,"column":2},"end":{"line":51,"column":null}},{"start":{},"end":{}}],"line":47},"3":{"loc":{"start":{"line":68,"column":9},"end":{"line":123,"column":null}},"type":"binary-expr","locations":[{"start":{"line":68,"column":9},"end":{"line":68,"column":null}},{"start":{"line":69,"column":10},"end":{"line":123,"column":null}}],"line":68},"4":{"loc":{"start":{"line":70,"column":14},"end":{"line":76,"column":null}},"type":"binary-expr","locations":[{"start":{"line":70,"column":14},"end":{"line":70,"column":null}},{"start":{"line":71,"column":14},"end":{"line":71,"column":null}},{"start":{"line":72,"column":14},"end":{"line":76,"column":null}}],"line":70},"5":{"loc":{"start":{"line":74,"column":17},"end":{"line":75,"column":null}},"type":"binary-expr","locations":[{"start":{"line":74,"column":17},"end":{"line":74,"column":null}},{"start":{"line":75,"column":18},"end":{"line":75,"column":null}}],"line":74},"6":{"loc":{"start":{"line":79,"column":14},"end":{"line":85,"column":null}},"type":"binary-expr","locations":[{"start":{"line":79,"column":14},"end":{"line":79,"column":null}},{"start":{"line":80,"column":14},"end":{"line":80,"column":null}},{"start":{"line":81,"column":14},"end":{"line":85,"column":null}}],"line":79},"7":{"loc":{"start":{"line":83,"column":17},"end":{"line":84,"column":null}},"type":"binary-expr","locations":[{"start":{"line":83,"column":17},"end":{"line":83,"column":null}},{"start":{"line":84,"column":18},"end":{"line":84,"column":null}}],"line":83},"8":{"loc":{"start":{"line":88,"column":14},"end":{"line":94,"column":null}},"type":"binary-expr","locations":[{"start":{"line":88,"column":14},"end":{"line":88,"column":null}},{"start":{"line":89,"column":14},"end":{"line":89,"column":null}},{"start":{"line":90,"column":14},"end":{"line":94,"column":null}}],"line":88},"9":{"loc":{"start":{"line":92,"column":17},"end":{"line":93,"column":null}},"type":"binary-expr","locations":[{"start":{"line":92,"column":17},"end":{"line":92,"column":null}},{"start":{"line":93,"column":18},"end":{"line":93,"column":null}}],"line":92},"10":{"loc":{"start":{"line":97,"column":14},"end":{"line":103,"column":null}},"type":"binary-expr","locations":[{"start":{"line":97,"column":14},"end":{"line":97,"column":null}},{"start":{"line":98,"column":14},"end":{"line":98,"column":null}},{"start":{"line":99,"column":14},"end":{"line":103,"column":null}}],"line":97},"11":{"loc":{"start":{"line":101,"column":17},"end":{"line":102,"column":null}},"type":"binary-expr","locations":[{"start":{"line":101,"column":17},"end":{"line":101,"column":null}},{"start":{"line":102,"column":18},"end":{"line":102,"column":null}}],"line":101},"12":{"loc":{"start":{"line":106,"column":14},"end":{"line":113,"column":null}},"type":"binary-expr","locations":[{"start":{"line":106,"column":14},"end":{"line":106,"column":null}},{"start":{"line":107,"column":14},"end":{"line":108,"column":null}},{"start":{"line":109,"column":14},"end":{"line":113,"column":null}}],"line":106},"13":{"loc":{"start":{"line":111,"column":17},"end":{"line":112,"column":null}},"type":"binary-expr","locations":[{"start":{"line":111,"column":17},"end":{"line":111,"column":null}},{"start":{"line":112,"column":18},"end":{"line":112,"column":null}}],"line":111},"14":{"loc":{"start":{"line":116,"column":14},"end":{"line":121,"column":null}},"type":"binary-expr","locations":[{"start":{"line":116,"column":14},"end":{"line":116,"column":null}},{"start":{"line":117,"column":14},"end":{"line":117,"column":null}},{"start":{"line":118,"column":14},"end":{"line":121,"column":null}}],"line":116},"15":{"loc":{"start":{"line":119,"column":17},"end":{"line":120,"column":null}},"type":"binary-expr","locations":[{"start":{"line":119,"column":17},"end":{"line":119,"column":null}},{"start":{"line":120,"column":18},"end":{"line":120,"column":null}}],"line":119}},"s":{"0":0,"1":0,"2":0,"3":0,"4":0,"5":0,"6":0,"7":0,"8":0,"9":0,"10":0,"11":0,"12":0,"13":0,"14":0,"15":1},"f":{"0":0,"1":0,"2":1},"b":{"0":[0,0],"1":[0,0],"2":[0,0],"3":[1,1],"4":[1,1,1],"5":[1,1],"6":[1,1,0],"7":[0,0],"8":[1,1,0],"9":[0,0],"10":[1,1,0],"11":[0,0],"12":[1,1,0],"13":[0,0],"14":[1,1,0],"15":[0,0]},"meta":{"lastBranch":16,"lastFunction":3,"lastStatement":16,"seen":{"f:14:22:14:29":0,"s:16:2:16:Infinity":0,"f:19:22:19:29":1,"s:20:19:20:Infinity":1,"s:21:19:21:Infinity":2,"s:22:16:22:Infinity":3,"s:23:19:23:Infinity":4,"s:24:26:24:Infinity":5,"s:25:21:25:Infinity":6,"s:29:6:35:Infinity":7,"b:36:2:38:Infinity:undefined:undefined:undefined:undefined":0,"s:36:2:38:Infinity":8,"s:37:4:37:Infinity":9,"s:41:4:41:Infinity":10,"b:41:4:41:36:41:36:41:Infinity":1,"s:43:17:46:Infinity":11,"b:47:2:51:Infinity:undefined:undefined:undefined:undefined":2,"s:47:2:51:Infinity":12,"s:48:4:50:Infinity":13,"s:52:2:52:Infinity":14,"f:54:24:54:37":2,"s:57:2:180:Infinity":15,"b:68:9:68:Infinity:69:10:123:Infinity":3,"b:70:14:70:Infinity:71:14:71:Infinity:72:14:76:Infinity":4,"b:74:17:74:Infinity:75:18:75:Infinity":5,"b:79:14:79:Infinity:80:14:80:Infinity:81:14:85:Infinity":6,"b:83:17:83:Infinity:84:18:84:Infinity":7,"b:88:14:88:Infinity:89:14:89:Infinity:90:14:94:Infinity":8,"b:92:17:92:Infinity:93:18:93:Infinity":9,"b:97:14:97:Infinity:98:14:98:Infinity:99:14:103:Infinity":10,"b:101:17:101:Infinity:102:18:102:Infinity":11,"b:106:14:106:Infinity:107:14:108:Infinity:109:14:113:Infinity":12,"b:111:17:111:Infinity:112:18:112:Infinity":13,"b:116:14:116:Infinity:117:14:117:Infinity:118:14:121:Infinity":14,"b:119:17:119:Infinity:120:18:120:Infinity":15},"fnNames":{}}}
,"D:\\reactrps\\vite-project\\app\\schemas\\MatchSchema.ts": {"path":"D:\\reactrps\\vite-project\\app\\schemas\\MatchSchema.ts","statementMap":{"0":{"start":{"line":3,"column":20},"end":{"line":17,"column":null}},"1":{"start":{"line":18,"column":26},"end":{"line":18,"column":null}}},"fnMap":{},"branchMap":{},"s":{"0":1,"1":1},"f":{},"b":{},"meta":{"lastBranch":0,"lastFunction":0,"lastStatement":2,"seen":{"s:3:20:17:Infinity":0,"s:18:26:18:Infinity":1},"fnNames":{}}}
,"D:\\reactrps\\vite-project\\app\\server\\server.ts": {"path":"D:\\reactrps\\vite-project\\app\\server\\server.ts","statementMap":{"0":{"start":{"line":10,"column":13},"end":{"line":10,"column":null}},"1":{"start":{"line":11,"column":13},"end":{"line":11,"column":null}},"2":{"start":{"line":14,"column":0},"end":{"line":16,"column":null}},"3":{"start":{"line":16,"column":18},"end":{"line":16,"column":67}},"4":{"start":{"line":20,"column":0},"end":{"line":25,"column":null}},"5":{"start":{"line":26,"column":0},"end":{"line":26,"column":null}},"6":{"start":{"line":27,"column":0},"end":{"line":27,"column":null}},"7":{"start":{"line":29,"column":0},"end":{"line":29,"column":null}},"8":{"start":{"line":31,"column":0},"end":{"line":34,"column":null}},"9":{"start":{"line":37,"column":0},"end":{"line":37,"column":null}},"10":{"start":{"line":38,"column":0},"end":{"line":38,"column":null}},"11":{"start":{"line":39,"column":0},"end":{"line":39,"column":null}},"12":{"start":{"line":40,"column":0},"end":{"line":40,"column":null}},"13":{"start":{"line":42,"column":0},"end":{"line":51,"column":null}},"14":{"start":{"line":44,"column":4},"end":{"line":44,"column":null}},"15":{"start":{"line":45,"column":4},"end":{"line":49,"column":null}},"16":{"start":{"line":54,"column":0},"end":{"line":58,"column":null}},"17":{"start":{"line":55,"column":2},"end":{"line":57,"column":null}},"18":{"start":{"line":59,"column":0},"end":{"line":61,"column":null}},"19":{"start":{"line":60,"column":2},"end":{"line":60,"column":null}}},"fnMap":{"0":{"name":"(anonymous_0)","decl":{"start":{"line":16,"column":3},"end":{"line":16,"column":10}},"loc":{"start":{"line":16,"column":18},"end":{"line":16,"column":67}},"line":16},"1":{"name":"(anonymous_1)","decl":{"start":{"line":42,"column":4},"end":{"line":42,"column":null}},"loc":{"start":{"line":43,"column":67},"end":{"line":50,"column":null}},"line":43},"2":{"name":"(anonymous_2)","decl":{"start":{"line":54,"column":4},"end":{"line":54,"column":9}},"loc":{"start":{"line":54,"column":41},"end":{"line":58,"column":1}},"line":54},"3":{"name":"(anonymous_3)","decl":{"start":{"line":59,"column":11},"end":{"line":59,"column":23}},"loc":{"start":{"line":59,"column":23},"end":{"line":61,"column":1}},"line":59}},"branchMap":{"0":{"loc":{"start":{"line":11,"column":13},"end":{"line":11,"column":null}},"type":"binary-expr","locations":[{"start":{"line":11,"column":13},"end":{"line":11,"column":33}},{"start":{"line":11,"column":33},"end":{"line":11,"column":null}}],"line":11},"1":{"loc":{"start":{"line":15,"column":11},"end":{"line":15,"column":40}},"type":"binary-expr","locations":[{"start":{"line":15,"column":11},"end":{"line":15,"column":38}},{"start":{"line":15,"column":38},"end":{"line":15,"column":40}}],"line":15},"2":{"loc":{"start":{"line":48,"column":13},"end":{"line":48,"column":null}},"type":"binary-expr","locations":[{"start":{"line":48,"column":13},"end":{"line":48,"column":28}},{"start":{"line":48,"column":28},"end":{"line":48,"column":null}}],"line":48}},"s":{"0":1,"1":1,"2":1,"3":0,"4":1,"5":1,"6":1,"7":1,"8":1,"9":1,"10":1,"11":1,"12":1,"13":1,"14":0,"15":0,"16":1,"17":0,"18":1,"19":1},"f":{"0":0,"1":0,"2":0,"3":1},"b":{"0":[1,0],"1":[1,0],"2":[0,0]},"meta":{"lastBranch":3,"lastFunction":4,"lastStatement":20,"seen":{"s:10:13:10:Infinity":0,"s:11:13:11:Infinity":1,"b:11:13:11:33:11:33:11:Infinity":0,"s:14:0:16:Infinity":2,"b:15:11:15:38:15:38:15:40":1,"f:16:3:16:10":0,"s:16:18:16:67":3,"s:20:0:25:Infinity":4,"s:26:0:26:Infinity":5,"s:27:0:27:Infinity":6,"s:29:0:29:Infinity":7,"s:31:0:34:Infinity":8,"s:37:0:37:Infinity":9,"s:38:0:38:Infinity":10,"s:39:0:39:Infinity":11,"s:40:0:40:Infinity":12,"s:42:0:51:Infinity":13,"f:42:4:42:Infinity":1,"s:44:4:44:Infinity":14,"s:45:4:49:Infinity":15,"b:48:13:48:28:48:28:48:Infinity":2,"s:54:0:58:Infinity":16,"f:54:4:54:9":2,"s:55:2:57:Infinity":17,"s:59:0:61:Infinity":18,"f:59:11:59:23":3,"s:60:2:60:Infinity":19},"fnNames":{}}}
,"D:\\reactrps\\vite-project\\app\\types\\game-types.ts": {"path":"D:\\reactrps\\vite-project\\app\\types\\game-types.ts","statementMap":{},"fnMap":{},"branchMap":{},"s":{},"f":{},"b":{},"meta":{"lastBranch":0,"lastFunction":0,"lastStatement":0,"seen":{},"fnNames":{}}}
,"D:\\reactrps\\vite-project\\app\\types\\layout-types.ts": {"path":"D:\\reactrps\\vite-project\\app\\types\\layout-types.ts","statementMap":{},"fnMap":{},"branchMap":{},"s":{},"f":{},"b":{},"meta":{"lastBranch":0,"lastFunction":0,"lastStatement":0,"seen":{},"fnNames":{}}}
,"D:\\reactrps\\vite-project\\app\\utils\\backend-boilerplate\\backend-functions.ts": {"path":"D:\\reactrps\\vite-project\\app\\utils\\backend-boilerplate\\backend-functions.ts","statementMap":{"0":{"start":{"line":16,"column":4},"end":{"line":16,"column":null}},"1":{"start":{"line":17,"column":2},"end":{"line":24,"column":null}},"2":{"start":{"line":18,"column":4},"end":{"line":23,"column":null}},"3":{"start":{"line":25,"column":17},"end":{"line":25,"column":null}},"4":{"start":{"line":26,"column":2},"end":{"line":36,"column":null}},"5":{"start":{"line":27,"column":4},"end":{"line":27,"column":null}},"6":{"start":{"line":28,"column":9},"end":{"line":36,"column":null}},"7":{"start":{"line":29,"column":4},"end":{"line":29,"column":null}},"8":{"start":{"line":30,"column":9},"end":{"line":36,"column":null}},"9":{"start":{"line":31,"column":4},"end":{"line":31,"column":null}},"10":{"start":{"line":33,"column":4},"end":{"line":35,"column":null}},"11":{"start":{"line":40,"column":31},"end":{"line":49,"column":null}},"12":{"start":{"line":45,"column":2},"end":{"line":48,"column":null}},"13":{"start":{"line":52,"column":32},"end":{"line":60,"column":null}},"14":{"start":{"line":53,"column":24},"end":{"line":58,"column":null}},"15":{"start":{"line":59,"column":2},"end":{"line":59,"column":null}},"16":{"start":{"line":63,"column":36},"end":{"line":87,"column":null}},"17":{"start":{"line":69,"column":4},"end":{"line":69,"column":null}},"18":{"start":{"line":71,"column":4},"end":{"line":71,"column":null}},"19":{"start":{"line":73,"column":4},"end":{"line":74,"column":null}},"20":{"start":{"line":75,"column":21},"end":{"line":75,"column":null}},"21":{"start":{"line":76,"column":8},"end":{"line":81,"column":null}},"22":{"start":{"line":83,"column":2},"end":{"line":85,"column":null}},"23":{"start":{"line":84,"column":4},"end":{"line":84,"column":null}},"24":{"start":{"line":86,"column":2},"end":{"line":86,"column":null}}},"fnMap":{"0":{"name":"updateModeScore","decl":{"start":{"line":10,"column":16},"end":{"line":10,"column":null}},"loc":{"start":{"line":14,"column":2},"end":{"line":37,"column":null}},"line":14},"1":{"name":"(anonymous_1)","decl":{"start":{"line":40,"column":31},"end":{"line":40,"column":null}},"loc":{"start":{"line":44,"column":5},"end":{"line":49,"column":null}},"line":44},"2":{"name":"(anonymous_2)","decl":{"start":{"line":52,"column":32},"end":{"line":52,"column":39}},"loc":{"start":{"line":52,"column":64},"end":{"line":60,"column":null}},"line":52},"3":{"name":"(anonymous_3)","decl":{"start":{"line":63,"column":36},"end":{"line":63,"column":null}},"loc":{"start":{"line":67,"column":5},"end":{"line":87,"column":null}},"line":67}},"branchMap":{"0":{"loc":{"start":{"line":16,"column":4},"end":{"line":16,"column":null}},"type":"cond-expr","locations":[{"start":{"line":16,"column":25},"end":{"line":16,"column":42}},{"start":{"line":16,"column":42},"end":{"line":16,"column":null}}],"line":16},"1":{"loc":{"start":{"line":17,"column":2},"end":{"line":24,"column":null}},"type":"if","locations":[{"start":{"line":17,"column":2},"end":{"line":24,"column":null}},{"start":{},"end":{}}],"line":17},"2":{"loc":{"start":{"line":26,"column":2},"end":{"line":36,"column":null}},"typ
[...]
":{"start":{"line":99,"column":6},"end":{"line":101,"column":null}},"type":"cond-expr","locations":[{"start":{"line":100,"column":10},"end":{"line":100,"column":null}},{"start":{"line":101,"column":10},"end":{"line":101,"column":null}}],"line":99},"17":{"loc":{"start":{"line":123,"column":8},"end":{"line":125,"column":null}},"type":"cond-expr","locations":[{"start":{"line":124,"column":12},"end":{"line":124,"column":null}},{"start":{"line":125,"column":12},"end":{"line":125,"column":null}}],"line":123},"18":{"loc":{"start":{"line":145,"column":4},"end":{"line":149,"column":null}},"type":"if","locations":[{"start":{"line":145,"column":4},"end":{"line":149,"column":null}},{"start":{},"end":{}}],"line":145},"19":{"loc":{"start":{"line":147,"column":8},"end":{"line":147,"column":null}},"type":"binary-expr","locations":[{"start":{"line":147,"column":8},"end":{"line":147,"column":24}},{"start":{"line":147,"column":24},"end":{"line":147,"column":null}}],"line":147},"20":{"loc":{"start":{"line":150,"column":18},"end":{"line":150,"column":68}},"type":"binary-expr","locations":[{"start":{"line":150,"column":18},"end":{"line":150,"column":34}},{"start":{"line":150,"column":34},"end":{"line":150,"column":68}}],"line":150},"21":{"loc":{"start":{"line":154,"column":6},"end":{"line":156,"column":null}},"type":"cond-expr","locations":[{"start":{"line":155,"column":10},"end":{"line":155,"column":null}},{"start":{"line":156,"column":10},"end":{"line":156,"column":null}}],"line":154}},"s":{"0":0,"1":0,"2":0,"3":0,"4":0,"5":0,"6":0,"7":0,"8":3,"9":3,"10":3,"11":3,"12":2,"13":1,"14":0,"15":0,"16":0,"17":0,"18":0,"19":0,"20":0,"21":0,"22":0,"23":0,"24":0,"25":0,"26":0,"27":0,"28":0,"29":0,"30":0,"31":0,"32":0,"33":0,"34":0,"35":0,"36":0,"37":0,"38":0,"39":0,"40":0,"41":0},"f":{"0":0,"1":3,"2":0,"3":0,"4":0},"b":{"0":[0,0],"1":[0,0],"2":[0,0],"3":[0,0],"4":[0,3],"5":[0,3],"6":[2,1],"7":[2,0],"8":[0,0],"9":[0,0],"10":[0,0],"11":[0,0],"12":[0,0,0],"13":[0,0],"14":[0,0],"15":[0,0],"16":[0,0],"17":[0,0],"18":[0,0],"19":[0,0],"20":[0,0],"21":[0,0]},"meta":{"lastBranch":22,"lastFunction":5,"lastStatement":42,"seen":{"f:6:16:6:33":0,"s:7:21:7:Infinity":0,"b:8:2:18:Infinity:9:7:18:Infinity":0,"s:8:2:18:Infinity":1,"s:8:45:8:Infinity":2,"b:9:7:18:Infinity:14:7:18:Infinity":1,"s:9:7:18:Infinity":3,"b:10:4:10:Infinity:11:4:11:Infinity":2,"s:13:4:13:Infinity":4,"s:15:4:16:Infinity":5,"b:15:4:15:Infinity:16:6:16:Infinity":3,"s:17:4:17:Infinity":6,"s:19:2:19:Infinity":7,"f:23:22:23:Infinity":1,"s:27:2:61:Infinity":8,"s:28:14:41:Infinity":9,"b:32:12:32:Infinity:33:12:33:Infinity":4,"b:36:12:36:Infinity:37:12:39:Infinity":5,"s:42:16:42:Infinity":10,"b:43:4:48:Infinity:undefined:undefined:undefined:undefined":6,"s:43:4:48:Infinity":11,"s:44:6:47:Infinity":12,"b:46:16:46:30:46:30:46:Infinity":7,"s:49:4:53:Infinity":13,"s:55:4:60:Infinity":14,"f:64:22:64:43":2,"s:65:24:65:Infinity":15,"b:65:24:65:57:65:57:65:Infinity":8,"s:66:14:66:Infinity":16,"s:67:22:67:Infinity":17,"b:67:22:67:55:67:55:67:Infinity":9,"s:69:4:69:Infinity":18,"b:69:4:69:35:69:35:69:Infinity":10,"s:70:34:79:Infinity":19,"b:80:2:85:Infinity:undefined:undefined:undefined:undefined":11,"s:80:2:85:Infinity":20,"b:81:4:81:Infinity:82:5:82:28:82:28:82:Infinity":12,"s:84:4:84:Infinity":21,"b:86:2:91:Infinity:undefined:undefined:undefined:undefined":13,"s:86:2:91:Infinity":22,"b:87:4:87:Infinity:88:4:88:Infinity":14,"s:90:4:90:Infinity":23,"s:93:5:93:Infinity":24,"s:95:2:102:Infinity":25,"b:97:13:97:33:97:33:97:Infinity":15,"b:100:10:100:Infinity:101:10:101:Infinity":16,"f:106:22:106:42":3,"s:107:19:107:Infinity":26,"s:108:2:108:Infinity":27,"s:109:2:128:Infinity":28,"s:110:14:114:Infinity":29,"s:115:16:115:Infinity":30,"s:119:4:119:Infinity":31,"s:121:4:127:Infinity":32,"b:124:12:124:Infinity:125:12:125:Infinity":17,"f:132:22:132:45":4,"s:133:2:158:Infinity":33,"s:134:14:140:Infinity":34,"s:141:16:141:Infinity":35,"b:145:4:149:Infinity:undefined:undefined:undefined:undefined":18,"s:145:4:149:Infinity":36,"s:146:6:148:Infinity":37,"b:147:8:147:24:147:24:147:Infinity":19,"s:150:4:150:Infinity":38,"b:150:18:150:34:150:34:150:68":20,"s:152:4:152:Infinity":39,"s:154:6:156:Infinity":40,"b:155:10:155:Infinity:156:10:156:Infinity":21,"s:157:4:157:Infinity":41},"fnNames":{}}}
,"D:\\reactrps\\vite-project\\app\\utils\\frontend-boilerplate\\profile-utils.ts": {"path":"D:\\reactrps\\vite-project\\app\\utils\\frontend-boilerplate\\profile-utils.ts","statementMap":{"0":{"start":{"line":4,"column":13},"end":{"line":18,"column":null}},"1":{"start":{"line":9,"column":15},"end":{"line":9,"column":null}},"2":{"start":{"line":10,"column":2},"end":{"line":17,"column":null}},"3":{"start":{"line":11,"column":4},"end":{"line":11,"column":null}},"4":{"start":{"line":12,"column":19},"end":{"line":12,"column":null}},"5":{"start":{"line":13,"column":4},"end":{"line":15,"column":null}},"6":{"start":{"line":14,"column":6},"end":{"line":14,"column":null}},"7":{"start":{"line":16,"column":4},"end":{"line":16,"column":null}},"8":{"start":{"line":21,"column":13},"end":{"line":47,"column":null}},"9":{"start":{"line":29,"column":30},"end":{"line":29,"column":null}},"10":{"start":{"line":30,"column":27},"end":{"line":30,"column":null}},"11":{"start":{"line":31,"column":26},"end":{"line":31,"column":null}},"12":{"start":{"line":32,"column":28},"end":{"line":32,"column":null}},"13":{"start":{"line":33,"column":2},"end":{"line":45,"column":null}},"14":{"start":{"line":39,"column":4},"end":{"line":42,"column":null}},"15":{"start":{"line":44,"column":4},"end":{"line":44,"column":null}},"16":{"start":{"line":46,"column":2},"end":{"line":46,"column":null}},"17":{"start":{"line":50,"column":35},"end":{"line":79,"column":null}},"18":{"start":{"line":51,"column":25},"end":{"line":53,"column":null}},"19":{"start":{"line":54,"column":2},"end":{"line":78,"column":null}},"20":{"start":{"line":55,"column":4},"end":{"line":77,"column":null}},"21":{"start":{"line":57,"column":8},"end":{"line":57,"column":null}},"22":{"start":{"line":58,"column":18},"end":{"line":61,"column":null}},"23":{"start":{"line":62,"column":20},"end":{"line":62,"column":null}},"24":{"start":{"line":66,"column":6},"end":{"line":70,"column":null}},"25":{"start":{"line":67,"column":8},"end":{"line":67,"column":null}},"26":{"start":{"line":69,"column":8},"end":{"line":69,"column":null}},"27":{"start":{"line":72,"column":6},"end":{"line":75,"column":null}},"28":{"start":{"line":76,"column":6},"end":{"line":76,"column":null}}},"fnMap":{"0":{"name":"(anonymous_0)","decl":{"start":{"line":4,"column":13},"end":{"line":4,"column":null}},"loc":{"start":{"line":8,"column":5},"end":{"line":18,"column":null}},"line":8},"1":{"name":"(anonymous_1)","decl":{"start":{"line":13,"column":11},"end":{"line":13,"column":26}},"loc":{"start":{"line":13,"column":26},"end":{"line":15,"column":null}},"line":13},"2":{"name":"(anonymous_2)","decl":{"start":{"line":21,"column":13},"end":{"line":21,"column":null}},"loc":{"start":{"line":28,"column":5},"end":{"line":47,"column":null}},"line":28},"3":{"name":"(anonymous_3)","decl":{"start":{"line":50,"column":35},"end":{"line":50,"column":47}},"loc":{"start":{"line":50,"column":47},"end":{"line":79,"column":null}},"line":50}},"branchMap":{"0":{"loc":{"start":{"line":10,"column":2},"end":{"line":17,"column":null}},"type":"if","locations":[{"start":{"line":10,"column":2},"end":{"line":17,"column":null}},{"start":{},"end":{}}],"line":10},"1":{"loc":{"start":{"line":33,"column":2},"end":{"line":45,"column":null}},"type":"if","locations":[{"start":{"line":33,"column":2},"end":{"line":45,"column":null}},{"start":{},"end":{}}],"line":33},"2":{"loc":{"start":{"line":34,"column":4},"end":{"line":37,"column":null}},"type":"binary-expr","locations":[{"start":{"line":34,"column":4},"end":{"line":34,"column":null}},{"start":{"line":35,"column":4},"end":{"line":35,"column":null}},{"start":{"line":36,"column":4},"end":{"line":36,"column":null}},{"start":{"line":37,"column":4},"end":{"line":37,"column":null}}],"line":34},"3":{"loc":{"start":{"line":54,"column":2},"end":{"line":78,"column":null}},"type":"if","locations":[{"start":{"line":54,"column":2},"end":{"line":78,"column":null}},{"start":{},"end":{}}],"line":54},"4":{"loc":{"start":{"line":57,"column":8},"end":{"line":57,"column":null}},"type":"binary-expr","locations":[{"start":{"line":57,"column":8},"end":{"line":57,"column":40}},{"start":{"line":57,"column":40},"end":{"line":57,"column":null}}],"line":57},"5":{"loc":{"start":{"line":66,"column":6},"end":{"line":70,"column":null}},"type":"if","locations":[{"start":{"line":66,"column":6},"end":{"line":70,"column":null}},{"start":{"line":68,"column":13},"end":{"line":70,"column":null}}],"line":66},"6":{"loc":{"start":{"line":69,"column":14},"end":{"line":69,"column":57}},"type":"binary-expr","locations":[{"start":{"line":69,"column":14},"end":{"line":69,"column":30}},{"start":{"line":69,"column":30},"end":{"line":69,"column":57}}],"line":69}},"s":{"0":1,"1":0,"2":0,"3":0,"4":0,"5":0,"6":0,"7":0,"8":1,"9":2,"10":2,"11":2,"12":2,"13":2,"14":1,"15":1,"16":1,"17":1,"18":0,"19":0,"20":0,"21":0,"22":0,"23":0,"24":0,"25":0,"26":0,"27":0,"28":0},"f":{"0":0,"1":0,"2":2,"3":0},"b":{"0":[0,0],"1":[1,1],"2":[2,1,1,1],"3":[0,0],"4":[0,0],"5":[0,0],"6":[0,0]},"meta":{"lastBranch":7,"lastFunction":4,"lastStatement":29,"seen":{"s:4:13:18:Infinity":0,"f:4:13:4:Infinity":0,"s:9:15:9:Infinity":1,"b:10:2:17:Infinity:undefined:undefined:undefined:undefined":0,"s:10:2:17:Infinity":2,"s:11:4:11:Infinity":3,"s:12:19:12:Infinity":4,"s:13:4:15:Infinity":5,"f:13:11:13:26":1,"s:14:6:14:Infinity":6,"s:16:4:16:Infinity":7,"s:21:13:47:Infinity":8,"f:21:13:21:Infinity":2,"s:29:30:29:Infinity":9,"s:30:27:30:Infinity":10,"s:31:26:31:Infinity":11,"s:32:28:32:Infinity":12,"b:33:2:45:Infinity:undefined:undefined:undefined:undefined":1,"s:33:2:45:Infinity":13,"b:34:4:34:Infinity:35:4:35:Infinity:36:4:36:Infinity:37:4:37:Infinity":2,"s:39:4:42:Infinity":14,"s:44:4:44:Infinity":15,"s:46:2:46:Infinity":16,"s:50:35:79:Infinity":17,"f:50:35:50:47":3,"s:51:25:53:Infinity":18,"b:54:2:78:Infinity:undefined:undefined:undefined:undefined":3,"s:54:2:78:Infinity":19,"s:55:4:77:Infinity":20,"s:57:8:57:Infinity":21,"b:57:8:57:40:57:40:57:Infinity":4,"s:58:18:61:Infinity":22,"s:62:20:62:Infinity":23,"b:66:6:70:Infinity:68:13:70:Infinity":5,"s:66:6:70:Infinity":24,"s:67:8:67:Infinity":25,"s:69:8:69:Infinity":26,"b:69:14:69:30:69:30:69:57":6,"s:72:6:75:Infinity":27,"s:76:6:76:Infinity":28},"fnNames":{}}}
,"D:\\reactrps\\vite-project\\app\\utils\\game-helper-functions\\gameHelper.ts": {"path":"D:\\reactrps\\vite-project\\app\\utils\\game-helper-functions\\gameHelper.ts","statementMap":{"0":{"start":{"line":11,"column":2},"end":{"line":11,"column":null}},"1":{"start":{"line":21,"column":13},"end":{"line":21,"column":null}},"2":{"start":{"line":22,"column":14},"end":{"line":22,"column":null}},"3":{"start":{"line":23,"column":2},"end":{"line":38,"column":null}},"4":{"start":{"line":24,"column":4},"end":{"line":24,"column":null}},"5":{"start":{"line":25,"column":4},"end":{"line":25,"column":null}},"6":{"start":{"line":26,"column":9},"end":{"line":38,"column":null}},"7":{"start":{"line":27,"column":4},"end":{"line":27,"column":null}},"8":{"start":{"line":28,"column":4},"end":{"line":28,"column":null}},"9":{"start":{"line":29,"column":9},"end":{"line":38,"column":null}},"10":{"start":{"line":30,"column":4},"end":{"line":30,"column":null}},"11":{"start":{"line":31,"column":4},"end":{"line":31,"column":null}},"12":{"start":{"line":32,"column":9},"end":{"line":38,"column":null}},"13":{"start":{"line":36,"column":4},"end":{"line":36,"column":null}},"14":{"start":{"line":37,"column":4},"end":{"line":37,"column":null}},"15":{"start":{"line":39,"column":2},"end":{"line":39,"column":null}},"16":{"start":{"line":44,"column":22},"end":{"line":44,"column":null}},"17":{"start":{"line":45,"column":2},"end":{"line":49,"column":null}},"18":{"start":{"line":46,"column":4},"end":{"line":48,"column":null}},"19":{"start":{"line":47,"column":6},"end":{"line":47,"column":null}},"20":{"start":{"line":48,"column":11},"end":{"line":48,"column":null}},"21":{"start":{"line":50,"column":2},"end":{"line":50,"column":null}},"22":{"start":{"line":56,"column":4},"end":{"line":56,"column":null}},"23":{"start":{"line":58,"column":4},"end":{"line":59,"column":null}},"24":{"start":{"line":61,"column":2},"end":{"line":61,"column":null}}},"fnMap":{"0":{"name":"getRandomIndex","decl":{"start":{"line":10,"column":16},"end":{"line":10,"column":31}},"loc":{"start":{"line":10,"column":57},"end":{"line":12,"column":null}},"line":10},"1":{"name":"calculateRank","decl":{"start":{"line":15,"column":16},"end":{"line":15,"column":null}},"loc":{"start":{"line":20,"column":2},"end":{"line":40,"column":null}},"line":20},"2":{"name":"calculateStreak","decl":{"start":{"line":43,"column":16},"end":{"line":43,"column":32}},"loc":{"start":{"line":43,"column":64},"end":{"line":51,"column":null}},"line":43},"3":{"name":"buildNameMatches","decl":{"start":{"line":54,"column":16},"end":{"line":54,"column":35}},"loc":{"start":{"line":54,"column":35},"end":{"line":62,"column":null}},"line":54}},"branchMap":{"0":{"loc":{"start":{"line":23,"column":2},"end":{"line":38,"column":null}},"type":"if","locations":[{"start":{"line":23,"column":2},"end":{"line":38,"column":null}},{"start":{"line":26,"column":9},"end":{"line":38,"column":null}}],"line":23},"1":{"loc":{"start":{"line":26,"column":9},"end":{"line":38,"column":null}},"type":"if","locations":[{"start":{"line":26,"column":9},"end":{"line":38,"column":null}},{"start":{"line":29,"column":9},"end":{"line":38,"column":null}}],"line":26},"2":{"loc":{"start":{"line":29,"column":9},"end":{"line":38,"column":null}},"type":"if","locations":[{"start":{"line":29,"column":9},"end":{"line":38,"column":null}},{"start":{"line":32,"column":9},"end":{"line":38,"column":null}}],"line":29},"3":{"loc":{"start":{"line":32,"column":9},"end":{"line":38,"column":null}},"type":"if","locations":[{"start":{"line":32,"column":9},"end":{"line":38,"column":null}},{"start":{},"end":{}}],"line":32},"4":{"loc":{"start":{"line":33,"column":4},"end":{"line":34,"column":null}},"type":"binary-expr","locations":[{"start":{"line":33,"column":4},"end":{"line":33,"column":null}},{"start":{"line":34,"column":4},"end":{"line":34,"column":null}}],"line":33},"5":{"loc":{"start":{"line":46,"column":4},"end":{"line":48,"column":null}},"type":"if","locations":[{"start":{"line":46,"column":4},"end":{"line":48,"column":null}},{"start":{"line":48,"column":11},"end":{"line":48,"column":null}}],"line":46}},"s":{"0":100,"1":4,"2":4,"3":4,"4":1,"5":1,"6":3,"7":1,"8":1,"9":2,"10":1,"11":1,"12":1,"13":1,"14":1,"15":4,"16":2,"17":2,"18":6,"19":5,"20":1,"21":2,"22":100,"23":100,"24":100},"f":{"0":100,"1":4,"2":2,"3":100},"b":{"0":[1,3],"1":[1,2],"2":[1,1],"3":[1,0],"4":[1,1],"5":[5,1]},"meta":{"lastBranch":6,"lastFunction":4,"lastStatement":25,"seen":{"f:10:16:10:31":0,"s:11:2:11:Infinity":0,"f:15:16:15:Infinity":1,"s:21:13:21:Infinity":1,"s:22:14:22:Infinity":2,"b:23:2:38:Infinity:26:9:38:Infinity":0,"s:23:2:38:Infinity":3,"s:24:4:24:Infinity":4,"s:25:4:25:Infinity":5,"b:26:9:38:Infinity:29:9:38:Infinity":1,"s:26:9:38:Infinity":6,"s:27:4:27:Infinity":7,"s:28:4:28:Infinity":8,"b:29:9:38:Infinity:32:9:38:Infinity":2,"s:29:9:38:Infinity":9,"s:30:4:30:Infinity":10,"s:31:4:31:Infinity":11,"b:32:9:38:Infinity:undefined:undefined:undefined:undefined":3,"s:32:9:38:Infinity":12,"b:33:4:33:Infinity:34:4:34:Infinity":4,"s:36:4:36:Infinity":13,"s:37:4:37:Infinity":14,"s:39:2:39:Infinity":15,"f:43:16:43:32":2,"s:44:22:44:Infinity":16,"s:45:2:49:Infinity":17,"b:46:4:48:Infinity:48:11:48:Infinity":5,"s:46:4:48:Infinity":18,"s:47:6:47:Infinity":19,"s:48:11:48:Infinity":20,"s:50:2:50:Infinity":21,"f:54:16:54:35":3,"s:56:4:56:Infinity":22,"s:58:4:59:Infinity":23,"s:61:2:61:Infinity":24},"fnNames":{}}}
,"D:\\reactrps\\vite-project\\app\\utils\\tests\\test-mocks\\user-mocks.ts": {"path":"D:\\reactrps\\vite-project\\app\\utils\\tests\\test-mocks\\user-mocks.ts","statementMap":{"0":{"start":{"line":5,"column":27},"end":{"line":10,"column":null}},"1":{"start":{"line":13,"column":33},"end":{"line":17,"column":null}},"2":{"start":{"line":20,"column":29},"end":{"line":24,"column":null}}},"fnMap":{},"branchMap":{"0":{"loc":{"start":{"line":7,"column":9},"end":{"line":7,"column":null}},"type":"binary-expr","locations":[{"start":{"line":7,"column":9},"end":{"line":7,"column":35}},{"start":{"line":7,"column":35},"end":{"line":7,"column":null}}],"line":7},"1":{"loc":{"start":{"line":8,"column":12},"end":{"line":8,"column":null}},"type":"binary-expr","locations":[{"start":{"line":8,"column":12},"end":{"line":8,"column":41}},{"start":{"line":8,"column":41},"end":{"line":8,"column":null}}],"line":8},"2":{"loc":{"start":{"line":9,"column":12},"end":{"line":9,"column":null}},"type":"binary-expr","locations":[{"start":{"line":9,"column":12},"end":{"line":9,"column":41}},{"start":{"line":9,"column":41},"end":{"line":9,"column":null}}],"line":9}},"s":{"0":1,"1":1,"2":1},"f":{},"b":{"0":[1,0],"1":[1,0],"2":[1,0]},"meta":{"lastBranch":3,"lastFunction":0,"lastStatement":3,"seen":{"s:5:27:10:Infinity":0,"b:7:9:7:35:7:35:7:Infinity":0,"b:8:12:8:41:8:41:8:Infinity":1,"b:9:12:9:41:9:41:9:Infinity":2,"s:13:33:17:Infinity":1,"s:20:29:24:Infinity":2},"fnNames":{}}}
,"D:\\reactrps\\vite-project\\app\\utils\\zod-schemas\\zod-validation.ts": {"path":"D:\\reactrps\\vite-project\\app\\utils\\zod-schemas\\zod-validation.ts","statementMap":{"0":{"start":{"line":2,"column":22},"end":{"line":2,"column":null}},"1":{"start":{"line":3,"column":29},"end":{"line":8,"column":null}},"2":{"start":{"line":11,"column":36},"end":{"line":21,"column":null}},"3":{"start":{"line":17,"column":16},"end":{"line":17,"column":null}},"4":{"start":{"line":24,"column":30},"end":{"line":46,"column":null}},"5":{"start":{"line":43,"column":20},"end":{"line":43,"column":60}},"6":{"start":{"line":49,"column":27},"end":{"line":61,"column":null}},"7":{"start":{"line":66,"column":33},"end":{"line":80,"column":null}},"8":{"start":{"line":83,"column":35},"end":{"line":97,"column":null}},"9":{"start":{"line":94,"column":20},"end":{"line":94,"column":60}},"10":{"start":{"line":100,"column":30},"end":{"line":114,"column":null}},"11":{"start":{"line":107,"column":8},"end":{"line":107,"column":null}}},"fnMap":{"0":{"name":"(anonymous_0)","decl":{"start":{"line":16,"column":5},"end":{"line":16,"column":null}},"loc":{"start":{"line":17,"column":16},"end":{"line":17,"column":null}},"line":17},"1":{"name":"(anonymous_1)","decl":{"start":{"line":43,"column":3},"end":{"line":43,"column":11}},"loc":{"start":{"line":43,"column":20},"end":{"line":43,"column":60}},"line":43},"2":{"name":"(anonymous_2)","decl":{"start":{"line":94,"column":3},"end":{"line":94,"column":11}},"loc":{"start":{"line":94,"column":20},"end":{"line":94,"column":60}},"line":94},"3":{"name":"(anonymous_3)","decl":{"start":{"line":105,"column":5},"end":{"line":105,"column":null}},"loc":{"start":{"line":107,"column":8},"end":{"line":107,"column":null}},"line":107}},"branchMap":{"0":{"loc":{"start":{"line":107,"column":8},"end":{"line":107,"column":null}},"type":"binary-expr","locations":[{"start":{"line":107,"column":8},"end":{"line":107,"column":30}},{"start":{"line":107,"column":30},"end":{"line":107,"column":null}}],"line":107}},"s":{"0":1,"1":1,"2":1,"3":0,"4":1,"5":0,"6":1,"7":1,"8":1,"9":0,"10":1,"11":0},"f":{"0":0,"1":0,"2":0,"3":0},"b":{"0":[0,0]},"meta":{"lastBranch":1,"lastFunction":4,"lastStatement":12,"seen":{"s:2:22:2:Infinity":0,"s:3:29:8:Infinity":1,"s:11:36:21:Infinity":2,"f:16:5:16:Infinity":0,"s:17:16:17:Infinity":3,"s:24:30:46:Infinity":4,"f:43:3:43:11":1,"s:43:20:43:60":5,"s:49:27:61:Infinity":6,"s:66:33:80:Infinity":7,"s:83:35:97:Infinity":8,"f:94:3:94:11":2,"s:94:20:94:60":9,"s:100:30:114:Infinity":10,"f:105:5:105:Infinity":3,"s:107:8:107:Infinity":11,"b:107:8:107:30:107:30:107:Infinity":0},"fnNames":{}}}
}
